
【2022-07-26 11:40:17 INFO 
---接口名称-app-评论和回复消息列表
---响应数据---{'code': 0, 'msg': '请求成功!', 'data': {'records': [], 'total': 0, 'current': 1, 'standardTime': None, 'size': 10}}】

【2022-07-26 11:40:17 ERROR 数据保存报错，比对用例表中‘保存数据’内容与响应结果的差别。
保存报错信息--unhashable type: 'list'
请求响应数据内容--{'code': 0, 'msg': '请求成功!', 'data': {'records': [], 'total': 0, 'current': 1, 'standardTime': None, 'size': 10}}】

【2022-07-26 11:42:09 INFO 
---接口名称-app-评论和回复消息列表
---响应数据---{'code': 0, 'msg': '请求成功!', 'data': {'records': [], 'total': 0, 'current': 1, 'standardTime': None, 'size': 10}}】

【2022-07-26 11:42:09 ERROR 数据保存报错，比对用例表中‘保存数据’内容与响应结果的差别。
保存报错信息--unhashable type: 'list'
请求响应数据内容--{'code': 0, 'msg': '请求成功!', 'data': {'records': [], 'total': 0, 'current': 1, 'standardTime': None, 'size': 10}}】

【2022-07-26 11:43:08 INFO 
---接口名称-app-评论和回复消息列表
---响应数据---{'code': 0, 'msg': '请求成功!', 'data': {'records': [], 'total': 0, 'current': 1, 'standardTime': None, 'size': 10}}】

【2022-07-26 11:43:08 ERROR 数据保存报错，比对用例表中‘保存数据’内容与响应结果的差别。
保存报错信息--info() takes 1 positional argument but 2 were given
请求响应数据内容--{'code': 0, 'msg': '请求成功!', 'data': {'records': [], 'total': 0, 'current': 1, 'standardTime': None, 'size': 10}}】

【2022-07-26 11:47:11 INFO 
---接口名称-app-评论和回复消息列表
---响应数据---{'code': 0, 'msg': '请求成功!', 'data': {'records': [], 'total': 0, 'current': 1, 'standardTime': None, 'size': 10}}】

【2022-07-26 11:47:11 INFO ['records']】

【2022-07-26 11:47:11 INFO <class 'list'>】

【2022-07-26 11:47:11 ERROR 数据保存报错，比对用例表中‘保存数据’内容与响应结果的差别。
保存报错信息--unhashable type: 'list'
请求响应数据内容--{'code': 0, 'msg': '请求成功!', 'data': {'records': [], 'total': 0, 'current': 1, 'standardTime': None, 'size': 10}}】

【2022-07-26 11:50:35 INFO 
---接口名称-app-评论和回复消息列表
---响应数据---{'code': -1, 'msg': '哎呦，服务出错啦！', 'data': None}】

【2022-07-26 11:50:35 ERROR 数据保存报错，比对用例表中‘保存数据’内容与响应结果的差别。
保存报错信息--'NoneType' object has no attribute 'get'
请求响应数据内容--{'code': -1, 'msg': '哎呦，服务出错啦！', 'data': None}】

【2022-07-26 11:51:02 INFO 
---接口名称-app-评论和回复消息列表
---响应数据---{'code': -1, 'msg': '哎呦，服务出错啦！', 'data': None}】

【2022-07-26 11:51:02 ERROR 数据保存报错，比对用例表中‘保存数据’内容与响应结果的差别。
保存报错信息--'NoneType' object has no attribute 'get'
请求响应数据内容--{'code': -1, 'msg': '哎呦，服务出错啦！', 'data': None}】

【2022-07-26 11:52:37 INFO 
---接口名称-app-评论和回复消息列表
---响应数据---{'code': 0, 'msg': '请求成功!', 'data': {'records': [], 'total': 0, 'current': 1, 'standardTime': None, 'size': 10}}】

【2022-07-26 11:52:37 ERROR 数据保存报错，比对用例表中‘保存数据’内容与响应结果的差别。
保存报错信息--unhashable type: 'list'
请求响应数据内容--{'code': 0, 'msg': '请求成功!', 'data': {'records': [], 'total': 0, 'current': 1, 'standardTime': None, 'size': 10}}】

【2022-07-26 11:54:23 INFO 
---接口名称-app-评论和回复消息列表
---响应数据---{'code': 0, 'msg': '请求成功!', 'data': {'records': [], 'total': 0, 'current': 1, 'standardTime': None, 'size': 10}}】

【2022-07-26 11:54:23 ERROR 数据保存报错，比对用例表中‘保存数据’内容与响应结果的差别。
保存报错信息--list index out of range
请求响应数据内容--{'code': 0, 'msg': '请求成功!', 'data': {'records': [], 'total': 0, 'current': 1, 'standardTime': None, 'size': 10}}】

【2022-07-26 14:15:21 INFO 
---接口名称-app-评论和回复消息列表
---响应数据---{'code': 0, 'msg': '请求成功!', 'data': {'records': [], 'total': 0, 'current': 1, 'standardTime': None, 'size': 10}}】

【2022-07-26 14:16:49 INFO 
---接口名称-app-评论和回复消息列表
---响应数据---{'code': 0, 'msg': '请求成功!', 'data': {'records': [], 'total': 0, 'current': 1, 'standardTime': None, 'size': 10}}】

【2022-07-26 14:16:49 INFO values---[]】

【2022-07-26 14:16:49 INFO values---[]】

【2022-07-26 14:20:22 INFO 
---接口名称-app-评论和回复消息列表
---响应数据---{'code': 0, 'msg': '请求成功!', 'data': {'records': [], 'total': 0, 'current': 1, 'standardTime': None, 'size': 10}}】

【2022-07-26 14:20:22 INFO values---[]】

【2022-07-26 14:36:21 INFO 
---接口名称-app-评论和回复消息列表
---响应数据---{'code': 0, 'msg': '请求成功!', 'data': {'records': [{'title': '回复了你的评论', 'content': '哦哦夫恶徒夫夫', 'type': None, 'publishTime': '2022-07-26 14:27:54', 'pushType': 3, 'skuIds': None, 'imageUrl': '', 'actionType': None, 'actionInfo': None, 'headUrl': 'https://audioapp.wangyangming.org.cn/kecheng2/a0f4373ef7e73e28e24b0f5b8a90e11f.png', 'sendUserName': '解上空快菲合是垃放收风类费的剧', 'jumpPage': 3, 'remindType': None, 'courseType': 2, 'className': None, 'batchId': None, 'workId': None, 'classesId': None, 'courseId': 346, 'commentId': 702955, 'resourceId': 3932, 'relId': None, 'skuId': None, 'timeStr': '8分钟前', 'openFlag': False}], 'total': 1, 'current': 1, 'standardTime': None, 'size': 10}}】

【2022-07-26 14:40:00 INFO 
---接口名称-app-评论和回复消息列表
---响应数据---{'code': 0, 'msg': '请求成功!', 'data': {'records': [{'title': '回复了你的评论', 'content': '哦哦夫恶徒夫夫', 'type': None, 'publishTime': '2022-07-26 14:27:54', 'pushType': 3, 'skuIds': None, 'imageUrl': '', 'actionType': None, 'actionInfo': None, 'headUrl': 'https://audioapp.wangyangming.org.cn/kecheng2/a0f4373ef7e73e28e24b0f5b8a90e11f.png', 'sendUserName': '解上空快菲合是垃放收风类费的剧', 'jumpPage': 3, 'remindType': None, 'courseType': 2, 'className': None, 'batchId': None, 'workId': None, 'classesId': None, 'courseId': 346, 'commentId': 702955, 'resourceId': 3932, 'relId': None, 'skuId': None, 'timeStr': '12分钟前', 'openFlag': False}], 'total': 1, 'current': 1, 'standardTime': None, 'size': 10}}】

【2022-07-26 14:40:57 INFO 
---接口名称-app-评论和回复消息列表
---响应数据---{'code': 0, 'msg': '请求成功!', 'data': {'records': [{'title': '回复了你的评论', 'content': '哦哦夫恶徒夫夫', 'type': None, 'publishTime': '2022-07-26 14:27:54', 'pushType': 3, 'skuIds': None, 'imageUrl': '', 'actionType': None, 'actionInfo': None, 'headUrl': 'https://audioapp.wangyangming.org.cn/kecheng2/a0f4373ef7e73e28e24b0f5b8a90e11f.png', 'sendUserName': '解上空快菲合是垃放收风类费的剧', 'jumpPage': 3, 'remindType': None, 'courseType': 2, 'className': None, 'batchId': None, 'workId': None, 'classesId': None, 'courseId': 346, 'commentId': 702955, 'resourceId': 3932, 'relId': None, 'skuId': None, 'timeStr': '13分钟前', 'openFlag': False}], 'total': 1, 'current': 1, 'standardTime': None, 'size': 10}}】

【2022-07-26 14:42:10 INFO 
---接口名称-app-评论和回复消息列表
---响应数据---{'code': 0, 'msg': '请求成功!', 'data': {'records': [{'title': '回复了你的评论', 'content': '哦哦夫恶徒夫夫', 'type': None, 'publishTime': '2022-07-26 14:27:54', 'pushType': 3, 'skuIds': None, 'imageUrl': '', 'actionType': None, 'actionInfo': None, 'headUrl': 'https://audioapp.wangyangming.org.cn/kecheng2/a0f4373ef7e73e28e24b0f5b8a90e11f.png', 'sendUserName': '解上空快菲合是垃放收风类费的剧', 'jumpPage': 3, 'remindType': None, 'courseType': 2, 'className': None, 'batchId': None, 'workId': None, 'classesId': None, 'courseId': 346, 'commentId': 702955, 'resourceId': 3932, 'relId': None, 'skuId': None, 'timeStr': '14分钟前', 'openFlag': False}], 'total': 1, 'current': 1, 'standardTime': None, 'size': 10}}】

【2022-07-26 14:42:10 ERROR 数据保存报错，比对用例表中‘保存数据’内容与响应结果的差别。
保存报错信息--No section: 'message'
请求响应数据内容--{'code': 0, 'msg': '请求成功!', 'data': {'records': [{'title': '回复了你的评论', 'content': '哦哦夫恶徒夫夫', 'type': None, 'publishTime': '2022-07-26 14:27:54', 'pushType': 3, 'skuIds': None, 'imageUrl': '', 'actionType': None, 'actionInfo': None, 'headUrl': 'https://audioapp.wangyangming.org.cn/kecheng2/a0f4373ef7e73e28e24b0f5b8a90e11f.png', 'sendUserName': '解上空快菲合是垃放收风类费的剧', 'jumpPage': 3, 'remindType': None, 'courseType': 2, 'className': None, 'batchId': None, 'workId': None, 'classesId': None, 'courseId': 346, 'commentId': 702955, 'resourceId': 3932, 'relId': None, 'skuId': None, 'timeStr': '14分钟前', 'openFlag': False}], 'total': 1, 'current': 1, 'standardTime': None, 'size': 10}}】

【2022-07-26 14:46:20 INFO 
---接口名称-app-评论和回复消息列表
---响应数据---{'code': 0, 'msg': '请求成功!', 'data': {'records': [{'title': '回复了你的评论', 'content': '哦哦夫恶徒夫夫', 'type': None, 'publishTime': '2022-07-26 14:27:54', 'pushType': 3, 'skuIds': None, 'imageUrl': '', 'actionType': None, 'actionInfo': None, 'headUrl': 'https://audioapp.wangyangming.org.cn/kecheng2/a0f4373ef7e73e28e24b0f5b8a90e11f.png', 'sendUserName': '解上空快菲合是垃放收风类费的剧', 'jumpPage': 3, 'remindType': None, 'courseType': 2, 'className': None, 'batchId': None, 'workId': None, 'classesId': None, 'courseId': 346, 'commentId': 702955, 'resourceId': 3932, 'relId': None, 'skuId': None, 'timeStr': '18分钟前', 'openFlag': False}], 'total': 1, 'current': 1, 'standardTime': None, 'size': 10}}】

【2022-07-26 14:46:20 ERROR setData --- No section: 'message'】

【2022-07-26 14:46:20 ERROR setData --- No section: 'message'】

【2022-07-26 14:48:00 INFO 
---接口名称-app-评论和回复消息列表
---响应数据---{'code': 0, 'msg': '请求成功!', 'data': {'records': [{'title': '回复了你的评论', 'content': '哦哦夫恶徒夫夫', 'type': None, 'publishTime': '2022-07-26 14:27:54', 'pushType': 3, 'skuIds': None, 'imageUrl': '', 'actionType': None, 'actionInfo': None, 'headUrl': 'https://audioapp.wangyangming.org.cn/kecheng2/a0f4373ef7e73e28e24b0f5b8a90e11f.png', 'sendUserName': '解上空快菲合是垃放收风类费的剧', 'jumpPage': 3, 'remindType': None, 'courseType': 2, 'className': None, 'batchId': None, 'workId': None, 'classesId': None, 'courseId': 346, 'commentId': 702955, 'resourceId': 3932, 'relId': None, 'skuId': None, 'timeStr': '20分钟前', 'openFlag': False}], 'total': 1, 'current': 1, 'standardTime': None, 'size': 10}}】

【2022-07-26 14:48:00 ERROR setData --- No section: 'message'】

【2022-07-26 14:50:15 INFO 
---接口名称-app-评论和回复消息列表
---响应数据---{'code': 0, 'msg': '请求成功!', 'data': {'records': [{'title': '回复了你的评论', 'content': '哦哦夫恶徒夫夫', 'type': None, 'publishTime': '2022-07-26 14:27:54', 'pushType': 3, 'skuIds': None, 'imageUrl': '', 'actionType': None, 'actionInfo': None, 'headUrl': 'https://audioapp.wangyangming.org.cn/kecheng2/a0f4373ef7e73e28e24b0f5b8a90e11f.png', 'sendUserName': '解上空快菲合是垃放收风类费的剧', 'jumpPage': 3, 'remindType': None, 'courseType': 2, 'className': None, 'batchId': None, 'workId': None, 'classesId': None, 'courseId': 346, 'commentId': 702955, 'resourceId': 3932, 'relId': None, 'skuId': None, 'timeStr': '22分钟前', 'openFlag': False}], 'total': 1, 'current': 1, 'standardTime': None, 'size': 10}}】

【2022-07-26 14:52:10 INFO 
---接口名称-app-评论和回复消息列表
---响应数据---{'code': 0, 'msg': '请求成功!', 'data': {'records': [{'title': '回复了你的评论', 'content': '哦哦夫恶徒夫夫', 'type': None, 'publishTime': '2022-07-26 14:27:54', 'pushType': 3, 'skuIds': None, 'imageUrl': '', 'actionType': None, 'actionInfo': None, 'headUrl': 'https://audioapp.wangyangming.org.cn/kecheng2/a0f4373ef7e73e28e24b0f5b8a90e11f.png', 'sendUserName': '解上空快菲合是垃放收风类费的剧', 'jumpPage': 3, 'remindType': None, 'courseType': 2, 'className': None, 'batchId': None, 'workId': None, 'classesId': None, 'courseId': 346, 'commentId': 702955, 'resourceId': 3932, 'relId': None, 'skuId': None, 'timeStr': '24分钟前', 'openFlag': False}], 'total': 1, 'current': 1, 'standardTime': None, 'size': 10}}】

【2022-07-26 15:02:50 INFO 
---接口名称-app-评论和回复消息列表
---响应数据---{'code': 0, 'msg': '请求成功!', 'data': {'records': [{'title': '回复了你的评论', 'content': '哦哦夫恶徒夫夫', 'type': None, 'publishTime': '2022-07-26 14:27:54', 'pushType': 3, 'skuIds': None, 'imageUrl': '', 'actionType': None, 'actionInfo': None, 'headUrl': 'https://audioapp.wangyangming.org.cn/kecheng2/a0f4373ef7e73e28e24b0f5b8a90e11f.png', 'sendUserName': '解上空快菲合是垃放收风类费的剧', 'jumpPage': 3, 'remindType': None, 'courseType': 2, 'className': None, 'batchId': None, 'workId': None, 'classesId': None, 'courseId': 346, 'commentId': 702955, 'resourceId': 3932, 'relId': None, 'skuId': None, 'timeStr': '34分钟前', 'openFlag': False}], 'total': 1, 'current': 1, 'standardTime': None, 'size': 10}}】

【2022-07-26 15:04:22 INFO 
---接口名称-app-评论和回复消息列表
---响应数据---{'code': 0, 'msg': '请求成功!', 'data': {'records': [{'title': '回复了你的评论', 'content': '哦哦夫恶徒夫夫', 'type': None, 'publishTime': '2022-07-26 14:27:54', 'pushType': 3, 'skuIds': None, 'imageUrl': '', 'actionType': None, 'actionInfo': None, 'headUrl': 'https://audioapp.wangyangming.org.cn/kecheng2/a0f4373ef7e73e28e24b0f5b8a90e11f.png', 'sendUserName': '解上空快菲合是垃放收风类费的剧', 'jumpPage': 3, 'remindType': None, 'courseType': 2, 'className': None, 'batchId': None, 'workId': None, 'classesId': None, 'courseId': 346, 'commentId': 702955, 'resourceId': 3932, 'relId': None, 'skuId': None, 'timeStr': '36分钟前', 'openFlag': False}], 'total': 1, 'current': 1, 'standardTime': None, 'size': 10}}】

【2022-07-26 15:06:16 INFO 
---接口名称-app-评论和回复消息列表
---响应数据---{'code': 0, 'msg': '请求成功!', 'data': {'records': [{'title': '回复了你的评论', 'content': '哦哦夫恶徒夫夫', 'type': None, 'publishTime': '2022-07-26 14:27:54', 'pushType': 3, 'skuIds': None, 'imageUrl': '', 'actionType': None, 'actionInfo': None, 'headUrl': 'https://audioapp.wangyangming.org.cn/kecheng2/a0f4373ef7e73e28e24b0f5b8a90e11f.png', 'sendUserName': '解上空快菲合是垃放收风类费的剧', 'jumpPage': 3, 'remindType': None, 'courseType': 2, 'className': None, 'batchId': None, 'workId': None, 'classesId': None, 'courseId': 346, 'commentId': 702955, 'resourceId': 3932, 'relId': None, 'skuId': None, 'timeStr': '38分钟前', 'openFlag': False}], 'total': 1, 'current': 1, 'standardTime': None, 'size': 10}}】

【2022-07-26 16:26:04 INFO 
---接口名称-获取验证码
---响应数据---{'code': 0, 'msg': '请求成功!', 'data': {}, 't': 0, 'success': True}】
