[DEBUG 2022-07-19 10:11:07]This is debug message
[INFO 2022-07-19 10:11:07]This is info message
[WARNING 2022-07-19 10:11:07]This is warning message
[ERROR 2022-07-19 10:11:07]This is error
[CRITICAL 2022-07-19 10:11:07]This is critical message
[DEBUG 2022-07-19 10:15:21]This is debug message
[INFO 2022-07-19 10:15:21]This is info message
[WARNING 2022-07-19 10:15:21]This is warning message
[ERROR 2022-07-19 10:15:21]This is error
[CRITICAL 2022-07-19 10:15:21]This is critical message
[DEBUG 2022-07-19 10:15:34]This is debug message
[INFO 2022-07-19 10:15:34]This is info message
[WARNING 2022-07-19 10:15:34]This is warning message
[ERROR 2022-07-19 10:15:34]This is error
[CRITICAL 2022-07-19 10:15:34]This is critical message
[DEBUG 2022-07-19 10:16:37]This is debug message
[INFO 2022-07-19 10:16:37]This is info message
[WARNING 2022-07-19 10:16:37]This is warning message
[ERROR 2022-07-19 10:16:37]This is error
[CRITICAL 2022-07-19 10:16:37]This is critical message
[DEBUG 2022-07-19 10:16:50]This is debug message
[INFO 2022-07-19 10:16:50]This is info message
[WARNING 2022-07-19 10:16:50]This is warning message
[ERROR 2022-07-19 10:16:50]This is error
[CRITICAL 2022-07-19 10:16:50]This is critical message
This is debug message
This is info message
This is warning message
This is error
This is critical message
This is debug message
This is info message
This is warning message
This is error
This is critical message
This is debug message
This is info message
This is warning message
This is error
This is critical message
This is debug message
This is info message
This is warning message
This is error
This is critical message
【2022-07-19 10:49:09 DEBUG logUtil.py debug 46 This is debug message
【2022-07-19 10:49:09 INFO logUtil.py info 52 This is info message
【2022-07-19 10:49:09 WARNING logUtil.py warning 58 This is warning message
【2022-07-19 10:49:09 ERROR logUtil.py error 64 This is error
【2022-07-19 10:49:09 ERROR logUtil.py critical 70 This is critical message
【2022-07-19 10:50:54 ERROR logUtil.py error 64 测试错误日志
【2022-07-19 10:51:43 DEBUG This is debug message
【2022-07-19 10:51:43 INFO This is info message
【2022-07-19 10:51:43 WARNING This is warning message
【2022-07-19 10:51:43 ERROR This is error
【2022-07-19 10:51:43 ERROR This is critical message
【2022-07-19 10:52:52 DEBUG This is debug message
【2022-07-19 10:52:52 INFO This is info message
【2022-07-19 10:52:52 WARNING This is warning message
【2022-07-19 10:52:52 ERROR This is error
【2022-07-19 10:52:52 ERROR This is critical message
【2022-07-19 10:53:09 ERROR 测试错误日志
【2022-07-19 10:53:49 ERROR E:\InterTest\utils\logUtil.py 测试错误日志
【2022-07-19 10:59:33 INFO 【test_case.py-test_api---url---https://zlzgy-tetralogy-server-test.zlzgy.org.cn/v1/server/security/getPhoneCode】
【---header---{'content-type': 'application/json', 'charset': 'UTF-8'}】
【---method---post】
【---params---{'phone': '15834281863', 'countryCode': '+86', 'testMode': True, 'type': '1'}】

【2022-07-19 10:59:34 INFO 【---响应数据---{'code': 0, 'msg': '请求成功!', 'data': {}, 't': 0, 'success': True}】
【2022-07-19 10:59:34 INFO 【---check_points[1]----请求成功】
【---check_points[0]----msg】
【---resDict[check_points[0]]---请求成功!】
【2022-07-19 10:59:34 INFO 【test_case.py-test_api---url---https://zlzgy-tetralogy-server-test.zlzgy.org.cn/v1/server/security/login】
【---header---{'content-type': 'application/json', 'charset': 'UTF-8'}】
【---method---post】
【---params---{'loginTyp': 'PHONE_CODE', 'password': '000000', 'userSource': '3', 'username': '15834281863'}】

【2022-07-19 10:59:35 INFO 【---响应数据---{'code': 0, 'msg': '请求成功!', 'data': {'id': 1007618, 'createTime': '2022-02-24 11:30:07', 'updateTime': '2022-04-08 14:38:48', 'phone': '15834281863', 'code': None, 'email': None, 'unionId': '', 'openId': '', 'userName': None, 'password': None, 'userFullName': '秦俊伟', 'familyStructure': '单身贵族', 'ageClass': '20岁以下', 'userSource': '3', 'registerIp': '124.65.158.34', 'wechatId': None, 'deviceId': None, 'deviceType': None, 'gender': 0, 'maritalStatus': None, 'provinceId': None, 'cityId': None, 'regionId': None, 'company': None, 'title': None, 'referrer': None, 'teamLeaderWillingness': None, 'yearOfLearning': None, 'groupNo': None, 'token': '58a5edb0fc1245008f551960a345dcf1', 'tokenExpireSecond': 8640000, 'provinceName': '北京市', 'cityName': '北京市', 'regionName': '朝阳区', 'longitude': 116.446107, 'latitude': 40.062156, 'channel': None, 'switchType': 0, 'userType': 3, 'appOS': None, 'leadReaderStatus': None, 'countryCode': '+86', 'userIndustry': '', 'dictKey': None, 'userTypeDTOList': None, 'isCompanyUser': False, 'companyInfoVOList': None, 'identityCategory': 1, 'currentCompanyId': -1, 'companyName': None, 'logoUrl': None, 'deptName': None, 'avatar': 'https://audioapp.wangyangming.org.cn/kecheng2/1007618test.jpg'}, 't': 0, 'success': True}】
【2022-07-19 10:59:35 INFO 【---check_points[1]----请求成功】
【---check_points[0]----msg】
【---resDict[check_points[0]]---请求成功!】
【2022-07-19 10:59:35 INFO 【test_case.py-test_api---url---https://zlzgy-tetralogy-server-test.zlzgy.org.cn/v1/server/api/v1/user/updateUserInfo】
【---header---{'content-type': 'application/json', 'charset': 'UTF-8', 'Authorization': '58a5edb0fc1245008f551960a345dcf1'}】
【---method---post】
【---params---{'account': None, 'ageClass': None, 'ageClassVal': 11, 'agreeToCall': 0, 'avatar': None, 'channel': 0, 'cityId': None, 'cityName': None, 'code': None, 'company': '其他', 'createTime': None, 'deviceId': None, 'deviceType': 0, 'education': '初中及以下', 'educationVal': 1, 'email': None, 'familyStructure': '五代其昌', 'familyStructureVal': 5, 'gender': 0, 'groupNo': 0, 'id': '1007618', 'token': '58a5edb0fc1245008f551960a345dcf1', 'phone': '15834281863', 'latitude': 0, 'learnExpectation': None, 'learnOwner': None, 'learnOwnerVal': 0, 'learnTime': '没学过', 'learnTimeVal': 1, 'learnTogether': None, 'learnTogetherVal': 0, 'longitude': 0, 'maritalStatus': False, 'openId': None, 'password': None, 'profess': '企业经营者', 'professVal': 0, 'provinceId': None, 'provinceName': None, 'referrer': None, 'regionId': None, 'regionName': None, 'registerIp': None, 'switchType': 0, 'title': None, 'tokenExpireSecond': 0, 'unionId': None, 'updateTime': None, 'userEnterprise': None, 'userEnterpriseVal': 0, 'userFullName': '孔宜明', 'userIndustry': None, 'userIndustryVal': 0, 'userName': None, 'userSource': '1', 'userType': 0, 'wechatId': None}】

【2022-07-19 11:03:51 ERROR 
测试错误日志
【2022-07-19 11:04:17 DEBUG 
This is debug message】
【2022-07-19 11:04:17 INFO 
This is info message】
【2022-07-19 11:04:17 WARNING 
This is warning message】
【2022-07-19 11:04:17 ERROR 
This is error】
【2022-07-19 11:04:17 ERROR 
This is critical message】

2022-07-19 11:04:40 DEBUG This is debug message】

2022-07-19 11:04:40 INFO This is info message】

2022-07-19 11:04:40 WARNING This is warning message】

2022-07-19 11:04:40 ERROR This is error】

2022-07-19 11:04:40 ERROR This is critical message】

2022-07-19 11:04:55 INFO 【test_case.py-test_api---url---https://zlzgy-tetralogy-server-test.zlzgy.org.cn/v1/server/security/getPhoneCode】	【---header---{'content-type': 'application/json', 'charset': 'UTF-8'}】	【---method---post】	【---params---{'phone': '15834281863', 'countryCode': '+86', 'testMode': True, 'type': '1'}】

2022-07-19 11:04:55 INFO 【---响应数据---{'code': 0, 'msg': '请求成功!', 'data': {}, 't': 0, 'success': True}】

2022-07-19 11:04:55 INFO 【---check_points[1]----请求成功】	【---check_points[0]----msg】	【---resDict[check_points[0]]---请求成功!】

2022-07-19 11:04:55 INFO 【test_case.py-test_api---url---https://zlzgy-tetralogy-server-test.zlzgy.org.cn/v1/server/security/login】	【---header---{'content-type': 'application/json', 'charset': 'UTF-8'}】	【---method---post】	【---params---{'loginTyp': 'PHONE_CODE', 'password': '000000', 'userSource': '3', 'username': '15834281863'}】

2022-07-19 11:04:56 INFO 【---响应数据---{'code': 0, 'msg': '请求成功!', 'data': {'id': 1007618, 'createTime': '2022-02-24 11:30:07', 'updateTime': '2022-04-08 14:38:48', 'phone': '15834281863', 'code': None, 'email': None, 'unionId': '', 'openId': '', 'userName': None, 'password': None, 'userFullName': '秦俊伟', 'familyStructure': '单身贵族', 'ageClass': '20岁以下', 'userSource': '3', 'registerIp': '124.65.158.34', 'wechatId': None, 'deviceId': None, 'deviceType': None, 'gender': 0, 'maritalStatus': None, 'provinceId': None, 'cityId': None, 'regionId': None, 'company': None, 'title': None, 'referrer': None, 'teamLeaderWillingness': None, 'yearOfLearning': None, 'groupNo': None, 'token': '938940cd39c84a78841dd2e802eb7340', 'tokenExpireSecond': 8640000, 'provinceName': '北京市', 'cityName': '北京市', 'regionName': '朝阳区', 'longitude': 116.446107, 'latitude': 40.062156, 'channel': None, 'switchType': 0, 'userType': 3, 'appOS': None, 'leadReaderStatus': None, 'countryCode': '+86', 'userIndustry': '', 'dictKey': None, 'userTypeDTOList': None, 'isCompanyUser': False, 'companyInfoVOList': None, 'identityCategory': 1, 'currentCompanyId': -1, 'companyName': None, 'logoUrl': None, 'deptName': None, 'avatar': 'https://audioapp.wangyangming.org.cn/kecheng2/1007618test.jpg'}, 't': 0, 'success': True}】

2022-07-19 11:04:56 INFO 【---check_points[1]----请求成功】	【---check_points[0]----msg】	【---resDict[check_points[0]]---请求成功!】

2022-07-19 11:04:56 INFO 【test_case.py-test_api---url---https://zlzgy-tetralogy-server-test.zlzgy.org.cn/v1/server/api/v1/user/updateUserInfo】	【---header---{'content-type': 'application/json', 'charset': 'UTF-8', 'Authorization': '938940cd39c84a78841dd2e802eb7340'}】	【---method---post】	【---params---{'account': None, 'ageClass': None, 'ageClassVal': 11, 'agreeToCall': 0, 'avatar': None, 'channel': 0, 'cityId': None, 'cityName': None, 'code': None, 'company': '其他', 'createTime': None, 'deviceId': None, 'deviceType': 0, 'education': '初中及以下', 'educationVal': 1, 'email': None, 'familyStructure': '五代其昌', 'familyStructureVal': 5, 'gender': 0, 'groupNo': 0, 'id': '1007618', 'token': '938940cd39c84a78841dd2e802eb7340', 'phone': '15834281863', 'latitude': 0, 'learnExpectation': None, 'learnOwner': None, 'learnOwnerVal': 0, 'learnTime': '没学过', 'learnTimeVal': 1, 'learnTogether': None, 'learnTogetherVal': 0, 'longitude': 0, 'maritalStatus': False, 'openId': None, 'password': None, 'profess': '企业经营者', 'professVal': 0, 'provinceId': None, 'provinceName': None, 'referrer': None, 'regionId': None, 'regionName': None, 'registerIp': None, 'switchType': 0, 'title': None, 'tokenExpireSecond': 0, 'unionId': None, 'updateTime': None, 'userEnterprise': None, 'userEnterpriseVal': 0, 'userFullName': '唐侑威', 'userIndustry': None, 'userIndustryVal': 0, 'userName': None, 'userSource': '1', 'userType': 0, 'wechatId': None}】

【2022-07-19 11:06:25 INFO test_case.py-test_api---url---https://zlzgy-tetralogy-server-test.zlzgy.org.cn/v1/server/security/getPhoneCode	---header---{'content-type': 'application/json', 'charset': 'UTF-8'}	---method---post	---params---{'phone': '15834281863', 'countryCode': '+86', 'testMode': True, 'type': '1'}】

【2022-07-19 11:06:25 INFO ---响应数据---{'code': 0, 'msg': '请求成功!', 'data': {}, 't': 0, 'success': True}】

【2022-07-19 11:06:25 INFO ---check_points[1]----请求成功	---check_points[0]----msg	---resDict[check_points[0]]---请求成功!】

【2022-07-19 11:06:25 INFO test_case.py-test_api---url---https://zlzgy-tetralogy-server-test.zlzgy.org.cn/v1/server/security/login	---header---{'content-type': 'application/json', 'charset': 'UTF-8'}	---method---post	---params---{'loginTyp': 'PHONE_CODE', 'password': '000000', 'userSource': '3', 'username': '15834281863'}】

【2022-07-19 11:06:26 INFO ---响应数据---{'code': 0, 'msg': '请求成功!', 'data': {'id': 1007618, 'createTime': '2022-02-24 11:30:07', 'updateTime': '2022-04-08 14:38:48', 'phone': '15834281863', 'code': None, 'email': None, 'unionId': '', 'openId': '', 'userName': None, 'password': None, 'userFullName': '秦俊伟', 'familyStructure': '单身贵族', 'ageClass': '20岁以下', 'userSource': '3', 'registerIp': '124.65.158.34', 'wechatId': None, 'deviceId': None, 'deviceType': None, 'gender': 0, 'maritalStatus': None, 'provinceId': None, 'cityId': None, 'regionId': None, 'company': None, 'title': None, 'referrer': None, 'teamLeaderWillingness': None, 'yearOfLearning': None, 'groupNo': None, 'token': '99a9e83cbf884c159c7080ee8b38fbaa', 'tokenExpireSecond': 8640000, 'provinceName': '北京市', 'cityName': '北京市', 'regionName': '朝阳区', 'longitude': 116.446107, 'latitude': 40.062156, 'channel': None, 'switchType': 0, 'userType': 3, 'appOS': None, 'leadReaderStatus': None, 'countryCode': '+86', 'userIndustry': '', 'dictKey': None, 'userTypeDTOList': None, 'isCompanyUser': False, 'companyInfoVOList': None, 'identityCategory': 1, 'currentCompanyId': -1, 'companyName': None, 'logoUrl': None, 'deptName': None, 'avatar': 'https://audioapp.wangyangming.org.cn/kecheng2/1007618test.jpg'}, 't': 0, 'success': True}】

【2022-07-19 11:06:26 INFO ---check_points[1]----请求成功	---check_points[0]----msg	---resDict[check_points[0]]---请求成功!】

【2022-07-19 11:06:26 INFO test_case.py-test_api---url---https://zlzgy-tetralogy-server-test.zlzgy.org.cn/v1/server/api/v1/user/updateUserInfo	---header---{'content-type': 'application/json', 'charset': 'UTF-8', 'Authorization': '99a9e83cbf884c159c7080ee8b38fbaa'}	---method---post	---params---{'account': None, 'ageClass': None, 'ageClassVal': 11, 'agreeToCall': 0, 'avatar': None, 'channel': 0, 'cityId': None, 'cityName': None, 'code': None, 'company': '其他', 'createTime': None, 'deviceId': None, 'deviceType': 0, 'education': '初中及以下', 'educationVal': 1, 'email': None, 'familyStructure': '五代其昌', 'familyStructureVal': 5, 'gender': 0, 'groupNo': 0, 'id': '1007618', 'token': '99a9e83cbf884c159c7080ee8b38fbaa', 'phone': '15834281863', 'latitude': 0, 'learnExpectation': None, 'learnOwner': None, 'learnOwnerVal': 0, 'learnTime': '没学过', 'learnTimeVal': 1, 'learnTogether': None, 'learnTogetherVal': 0, 'longitude': 0, 'maritalStatus': False, 'openId': None, 'password': None, 'profess': '企业经营者', 'professVal': 0, 'provinceId': None, 'provinceName': None, 'referrer': None, 'regionId': None, 'regionName': None, 'registerIp': None, 'switchType': 0, 'title': None, 'tokenExpireSecond': 0, 'unionId': None, 'updateTime': None, 'userEnterprise': None, 'userEnterpriseVal': 0, 'userFullName': '秦民玲', 'userIndustry': None, 'userIndustryVal': 0, 'userName': None, 'userSource': '1', 'userType': 0, 'wechatId': None}】

【2022-07-19 11:07:47 INFO ---响应数据---{'code': 0, 'msg': '请求成功!', 'data': {}, 't': 0, 'success': True}】

【2022-07-19 11:07:49 INFO ---响应数据---{'code': 0, 'msg': '请求成功!', 'data': {'id': 1007618, 'createTime': '2022-02-24 11:30:07', 'updateTime': '2022-04-08 14:38:48', 'phone': '15834281863', 'code': None, 'email': None, 'unionId': '', 'openId': '', 'userName': None, 'password': None, 'userFullName': '秦俊伟', 'familyStructure': '单身贵族', 'ageClass': '20岁以下', 'userSource': '3', 'registerIp': '124.65.158.34', 'wechatId': None, 'deviceId': None, 'deviceType': None, 'gender': 0, 'maritalStatus': None, 'provinceId': None, 'cityId': None, 'regionId': None, 'company': None, 'title': None, 'referrer': None, 'teamLeaderWillingness': None, 'yearOfLearning': None, 'groupNo': None, 'token': '726c10711c914a2a9ceefbf3aa05af7a', 'tokenExpireSecond': 8640000, 'provinceName': '北京市', 'cityName': '北京市', 'regionName': '朝阳区', 'longitude': 116.446107, 'latitude': 40.062156, 'channel': None, 'switchType': 0, 'userType': 3, 'appOS': None, 'leadReaderStatus': None, 'countryCode': '+86', 'userIndustry': '', 'dictKey': None, 'userTypeDTOList': None, 'isCompanyUser': False, 'companyInfoVOList': None, 'identityCategory': 1, 'currentCompanyId': -1, 'companyName': None, 'logoUrl': None, 'deptName': None, 'avatar': 'https://audioapp.wangyangming.org.cn/kecheng2/1007618test.jpg'}, 't': 0, 'success': True}】

【2022-07-19 11:08:36 INFO ---响应数据---{'code': 0, 'msg': '请求成功!', 'data': {}, 't': 0, 'success': True}】

【2022-07-19 11:08:37 INFO ---响应数据---{'code': 0, 'msg': '请求成功!', 'data': {'id': 1007618, 'createTime': '2022-02-24 11:30:07', 'updateTime': '2022-04-08 14:38:48', 'phone': '15834281863', 'code': None, 'email': None, 'unionId': '', 'openId': '', 'userName': None, 'password': None, 'userFullName': '秦俊伟', 'familyStructure': '单身贵族', 'ageClass': '20岁以下', 'userSource': '3', 'registerIp': '124.65.158.34', 'wechatId': None, 'deviceId': None, 'deviceType': None, 'gender': 0, 'maritalStatus': None, 'provinceId': None, 'cityId': None, 'regionId': None, 'company': None, 'title': None, 'referrer': None, 'teamLeaderWillingness': None, 'yearOfLearning': None, 'groupNo': None, 'token': '3182f5708d2141b38fc6361d9b2dd533', 'tokenExpireSecond': 8640000, 'provinceName': '北京市', 'cityName': '北京市', 'regionName': '朝阳区', 'longitude': 116.446107, 'latitude': 40.062156, 'channel': None, 'switchType': 0, 'userType': 3, 'appOS': None, 'leadReaderStatus': None, 'countryCode': '+86', 'userIndustry': '', 'dictKey': None, 'userTypeDTOList': None, 'isCompanyUser': False, 'companyInfoVOList': None, 'identityCategory': 1, 'currentCompanyId': -1, 'companyName': None, 'logoUrl': None, 'deptName': None, 'avatar': 'https://audioapp.wangyangming.org.cn/kecheng2/1007618test.jpg'}, 't': 0, 'success': True}】

【2022-07-19 11:16:14 INFO ---响应数据---{'code': 0, 'msg': '请求成功!', 'data': {}, 't': 0, 'success': True}】

【2022-07-19 11:16:15 INFO ---响应数据---{'code': 0, 'msg': '请求成功!', 'data': {'id': 1007618, 'createTime': '2022-02-24 11:30:07', 'updateTime': '2022-04-08 14:38:48', 'phone': '15834281863', 'code': None, 'email': None, 'unionId': '', 'openId': '', 'userName': None, 'password': None, 'userFullName': '秦俊伟', 'familyStructure': '单身贵族', 'ageClass': '20岁以下', 'userSource': '3', 'registerIp': '124.65.158.34', 'wechatId': None, 'deviceId': None, 'deviceType': None, 'gender': 0, 'maritalStatus': None, 'provinceId': None, 'cityId': None, 'regionId': None, 'company': None, 'title': None, 'referrer': None, 'teamLeaderWillingness': None, 'yearOfLearning': None, 'groupNo': None, 'token': '0e3da7e31d074fd6b7a9b71996826b65', 'tokenExpireSecond': 8640000, 'provinceName': '北京市', 'cityName': '北京市', 'regionName': '朝阳区', 'longitude': 116.446107, 'latitude': 40.062156, 'channel': None, 'switchType': 0, 'userType': 3, 'appOS': None, 'leadReaderStatus': None, 'countryCode': '+86', 'userIndustry': '', 'dictKey': None, 'userTypeDTOList': None, 'isCompanyUser': False, 'companyInfoVOList': None, 'identityCategory': 1, 'currentCompanyId': -1, 'companyName': None, 'logoUrl': None, 'deptName': None, 'avatar': 'https://audioapp.wangyangming.org.cn/kecheng2/1007618test.jpg'}, 't': 0, 'success': True}】

【2022-07-19 11:28:27 INFO ---响应数据---{'code': 0, 'msg': '请求成功!', 'data': {}, 't': 0, 'success': True}】

【2022-07-19 11:28:28 INFO ---响应数据---{'code': 0, 'msg': '请求成功!', 'data': {'id': 1007618, 'createTime': '2022-02-24 11:30:07', 'updateTime': '2022-04-08 14:38:48', 'phone': '15834281863', 'code': None, 'email': None, 'unionId': '', 'openId': '', 'userName': None, 'password': None, 'userFullName': '秦俊伟', 'familyStructure': '单身贵族', 'ageClass': '20岁以下', 'userSource': '3', 'registerIp': '124.65.158.34', 'wechatId': None, 'deviceId': None, 'deviceType': None, 'gender': 0, 'maritalStatus': None, 'provinceId': None, 'cityId': None, 'regionId': None, 'company': None, 'title': None, 'referrer': None, 'teamLeaderWillingness': None, 'yearOfLearning': None, 'groupNo': None, 'token': '614c59c9b5d54d2f91857bfa58fff0f0', 'tokenExpireSecond': 8640000, 'provinceName': '北京市', 'cityName': '北京市', 'regionName': '朝阳区', 'longitude': 116.446107, 'latitude': 40.062156, 'channel': None, 'switchType': 0, 'userType': 3, 'appOS': None, 'leadReaderStatus': None, 'countryCode': '+86', 'userIndustry': '', 'dictKey': None, 'userTypeDTOList': None, 'isCompanyUser': False, 'companyInfoVOList': None, 'identityCategory': 1, 'currentCompanyId': -1, 'companyName': None, 'logoUrl': None, 'deptName': None, 'avatar': 'https://audioapp.wangyangming.org.cn/kecheng2/1007618test.jpg'}, 't': 0, 'success': True}】

【2022-07-19 11:30:02 INFO ---响应数据---{'code': 0, 'msg': '请求成功!', 'data': {}, 't': 0, 'success': True}】

【2022-07-19 11:30:03 INFO ---响应数据---{'code': 0, 'msg': '请求成功!', 'data': {'id': 1007618, 'createTime': '2022-02-24 11:30:07', 'updateTime': '2022-04-08 14:38:48', 'phone': '15834281863', 'code': None, 'email': None, 'unionId': '', 'openId': '', 'userName': None, 'password': None, 'userFullName': '秦俊伟', 'familyStructure': '单身贵族', 'ageClass': '20岁以下', 'userSource': '3', 'registerIp': '124.65.158.34', 'wechatId': None, 'deviceId': None, 'deviceType': None, 'gender': 0, 'maritalStatus': None, 'provinceId': None, 'cityId': None, 'regionId': None, 'company': None, 'title': None, 'referrer': None, 'teamLeaderWillingness': None, 'yearOfLearning': None, 'groupNo': None, 'token': '075121c41fe94692b4aca1a83f291559', 'tokenExpireSecond': 8640000, 'provinceName': '北京市', 'cityName': '北京市', 'regionName': '朝阳区', 'longitude': 116.446107, 'latitude': 40.062156, 'channel': None, 'switchType': 0, 'userType': 3, 'appOS': None, 'leadReaderStatus': None, 'countryCode': '+86', 'userIndustry': '', 'dictKey': None, 'userTypeDTOList': None, 'isCompanyUser': False, 'companyInfoVOList': None, 'identityCategory': 1, 'currentCompanyId': -1, 'companyName': None, 'logoUrl': None, 'deptName': None, 'avatar': 'https://audioapp.wangyangming.org.cn/kecheng2/1007618test.jpg'}, 't': 0, 'success': True}】

【2022-07-19 11:30:42 INFO ---响应数据---{'code': 0, 'msg': '请求成功!', 'data': {}, 't': 0, 'success': True}】

【2022-07-19 11:30:43 INFO ---响应数据---{'code': 0, 'msg': '请求成功!', 'data': {'id': 1007618, 'createTime': '2022-02-24 11:30:07', 'updateTime': '2022-04-08 14:38:48', 'phone': '15834281863', 'code': None, 'email': None, 'unionId': '', 'openId': '', 'userName': None, 'password': None, 'userFullName': '秦俊伟', 'familyStructure': '单身贵族', 'ageClass': '20岁以下', 'userSource': '3', 'registerIp': '124.65.158.34', 'wechatId': None, 'deviceId': None, 'deviceType': None, 'gender': 0, 'maritalStatus': None, 'provinceId': None, 'cityId': None, 'regionId': None, 'company': None, 'title': None, 'referrer': None, 'teamLeaderWillingness': None, 'yearOfLearning': None, 'groupNo': None, 'token': 'c8c354fd1ca64d2b8ff22dc251424f15', 'tokenExpireSecond': 8640000, 'provinceName': '北京市', 'cityName': '北京市', 'regionName': '朝阳区', 'longitude': 116.446107, 'latitude': 40.062156, 'channel': None, 'switchType': 0, 'userType': 3, 'appOS': None, 'leadReaderStatus': None, 'countryCode': '+86', 'userIndustry': '', 'dictKey': None, 'userTypeDTOList': None, 'isCompanyUser': False, 'companyInfoVOList': None, 'identityCategory': 1, 'currentCompanyId': -1, 'companyName': None, 'logoUrl': None, 'deptName': None, 'avatar': 'https://audioapp.wangyangming.org.cn/kecheng2/1007618test.jpg'}, 't': 0, 'success': True}】

【2022-07-19 11:32:00 INFO ---响应数据---{'code': 0, 'msg': '请求成功!', 'data': {}, 't': 0, 'success': True}】

【2022-07-19 11:32:01 INFO ---响应数据---{'code': 0, 'msg': '请求成功!', 'data': {'id': 1007618, 'createTime': '2022-02-24 11:30:07', 'updateTime': '2022-04-08 14:38:48', 'phone': '15834281863', 'code': None, 'email': None, 'unionId': '', 'openId': '', 'userName': None, 'password': None, 'userFullName': '秦俊伟', 'familyStructure': '单身贵族', 'ageClass': '20岁以下', 'userSource': '3', 'registerIp': '124.65.158.34', 'wechatId': None, 'deviceId': None, 'deviceType': None, 'gender': 0, 'maritalStatus': None, 'provinceId': None, 'cityId': None, 'regionId': None, 'company': None, 'title': None, 'referrer': None, 'teamLeaderWillingness': None, 'yearOfLearning': None, 'groupNo': None, 'token': '0e0abfd264654cf297d3ccc67fcf4f41', 'tokenExpireSecond': 8640000, 'provinceName': '北京市', 'cityName': '北京市', 'regionName': '朝阳区', 'longitude': 116.446107, 'latitude': 40.062156, 'channel': None, 'switchType': 0, 'userType': 3, 'appOS': None, 'leadReaderStatus': None, 'countryCode': '+86', 'userIndustry': '', 'dictKey': None, 'userTypeDTOList': None, 'isCompanyUser': False, 'companyInfoVOList': None, 'identityCategory': 1, 'currentCompanyId': -1, 'companyName': None, 'logoUrl': None, 'deptName': None, 'avatar': 'https://audioapp.wangyangming.org.cn/kecheng2/1007618test.jpg'}, 't': 0, 'success': True}】

【2022-07-19 11:34:25 INFO ---响应数据---{'code': 0, 'msg': '请求成功!', 'data': {}, 't': 0, 'success': True}】

【2022-07-19 11:34:26 INFO ---响应数据---{'code': 0, 'msg': '请求成功!', 'data': {'id': 1007618, 'createTime': '2022-02-24 11:30:07', 'updateTime': '2022-04-08 14:38:48', 'phone': '15834281863', 'code': None, 'email': None, 'unionId': '', 'openId': '', 'userName': None, 'password': None, 'userFullName': '秦俊伟', 'familyStructure': '单身贵族', 'ageClass': '20岁以下', 'userSource': '3', 'registerIp': '124.65.158.34', 'wechatId': None, 'deviceId': None, 'deviceType': None, 'gender': 0, 'maritalStatus': None, 'provinceId': None, 'cityId': None, 'regionId': None, 'company': None, 'title': None, 'referrer': None, 'teamLeaderWillingness': None, 'yearOfLearning': None, 'groupNo': None, 'token': '0fe196f83c474765b8a477aa1853cb14', 'tokenExpireSecond': 8640000, 'provinceName': '北京市', 'cityName': '北京市', 'regionName': '朝阳区', 'longitude': 116.446107, 'latitude': 40.062156, 'channel': None, 'switchType': 0, 'userType': 3, 'appOS': None, 'leadReaderStatus': None, 'countryCode': '+86', 'userIndustry': '', 'dictKey': None, 'userTypeDTOList': None, 'isCompanyUser': False, 'companyInfoVOList': None, 'identityCategory': 1, 'currentCompanyId': -1, 'companyName': None, 'logoUrl': None, 'deptName': None, 'avatar': 'https://audioapp.wangyangming.org.cn/kecheng2/1007618test.jpg'}, 't': 0, 'success': True}】

【2022-07-19 11:38:02 INFO ---响应数据---{'code': 0, 'msg': '请求成功!', 'data': {}, 't': 0, 'success': True}】

【2022-07-19 11:38:03 INFO ---响应数据---{'code': 0, 'msg': '请求成功!', 'data': {'id': 1007618, 'createTime': '2022-02-24 11:30:07', 'updateTime': '2022-04-08 14:38:48', 'phone': '15834281863', 'code': None, 'email': None, 'unionId': '', 'openId': '', 'userName': None, 'password': None, 'userFullName': '秦俊伟', 'familyStructure': '单身贵族', 'ageClass': '20岁以下', 'userSource': '3', 'registerIp': '124.65.158.34', 'wechatId': None, 'deviceId': None, 'deviceType': None, 'gender': 0, 'maritalStatus': None, 'provinceId': None, 'cityId': None, 'regionId': None, 'company': None, 'title': None, 'referrer': None, 'teamLeaderWillingness': None, 'yearOfLearning': None, 'groupNo': None, 'token': '36402b65416d4801b8999731756729da', 'tokenExpireSecond': 8640000, 'provinceName': '北京市', 'cityName': '北京市', 'regionName': '朝阳区', 'longitude': 116.446107, 'latitude': 40.062156, 'channel': None, 'switchType': 0, 'userType': 3, 'appOS': None, 'leadReaderStatus': None, 'countryCode': '+86', 'userIndustry': '', 'dictKey': None, 'userTypeDTOList': None, 'isCompanyUser': False, 'companyInfoVOList': None, 'identityCategory': 1, 'currentCompanyId': -1, 'companyName': None, 'logoUrl': None, 'deptName': None, 'avatar': 'https://audioapp.wangyangming.org.cn/kecheng2/1007618test.jpg'}, 't': 0, 'success': True}】

【2022-07-19 11:44:28 INFO ---响应数据---{'code': 0, 'msg': '请求成功!', 'data': {}, 't': 0, 'success': True}】

【2022-07-19 11:44:30 INFO ---响应数据---{'code': 0, 'msg': '请求成功!', 'data': {'id': 1007618, 'createTime': '2022-02-24 11:30:07', 'updateTime': '2022-04-08 14:38:48', 'phone': '15834281863', 'code': None, 'email': None, 'unionId': '', 'openId': '', 'userName': None, 'password': None, 'userFullName': '秦俊伟', 'familyStructure': '单身贵族', 'ageClass': '20岁以下', 'userSource': '3', 'registerIp': '124.65.158.34', 'wechatId': None, 'deviceId': None, 'deviceType': None, 'gender': 0, 'maritalStatus': None, 'provinceId': None, 'cityId': None, 'regionId': None, 'company': None, 'title': None, 'referrer': None, 'teamLeaderWillingness': None, 'yearOfLearning': None, 'groupNo': None, 'token': 'd8bf5acd864847288ee29b73be6f1693', 'tokenExpireSecond': 8640000, 'provinceName': '北京市', 'cityName': '北京市', 'regionName': '朝阳区', 'longitude': 116.446107, 'latitude': 40.062156, 'channel': None, 'switchType': 0, 'userType': 3, 'appOS': None, 'leadReaderStatus': None, 'countryCode': '+86', 'userIndustry': '', 'dictKey': None, 'userTypeDTOList': None, 'isCompanyUser': False, 'companyInfoVOList': None, 'identityCategory': 1, 'currentCompanyId': -1, 'companyName': None, 'logoUrl': None, 'deptName': None, 'avatar': 'https://audioapp.wangyangming.org.cn/kecheng2/1007618test.jpg'}, 't': 0, 'success': True}】

【2022-07-19 11:48:59 INFO ---响应数据---{'code': 0, 'msg': '请求成功!', 'data': {}, 't': 0, 'success': True}】

【2022-07-19 11:49:00 INFO ---响应数据---{'code': 0, 'msg': '请求成功!', 'data': {'id': 1007618, 'createTime': '2022-02-24 11:30:07', 'updateTime': '2022-04-08 14:38:48', 'phone': '15834281863', 'code': None, 'email': None, 'unionId': '', 'openId': '', 'userName': None, 'password': None, 'userFullName': '秦俊伟', 'familyStructure': '单身贵族', 'ageClass': '20岁以下', 'userSource': '3', 'registerIp': '124.65.158.34', 'wechatId': None, 'deviceId': None, 'deviceType': None, 'gender': 0, 'maritalStatus': None, 'provinceId': None, 'cityId': None, 'regionId': None, 'company': None, 'title': None, 'referrer': None, 'teamLeaderWillingness': None, 'yearOfLearning': None, 'groupNo': None, 'token': 'bfcfbd2b3735497cb019f4e3befffa4e', 'tokenExpireSecond': 8640000, 'provinceName': '北京市', 'cityName': '北京市', 'regionName': '朝阳区', 'longitude': 116.446107, 'latitude': 40.062156, 'channel': None, 'switchType': 0, 'userType': 3, 'appOS': None, 'leadReaderStatus': None, 'countryCode': '+86', 'userIndustry': '', 'dictKey': None, 'userTypeDTOList': None, 'isCompanyUser': False, 'companyInfoVOList': None, 'identityCategory': 1, 'currentCompanyId': -1, 'companyName': None, 'logoUrl': None, 'deptName': None, 'avatar': 'https://audioapp.wangyangming.org.cn/kecheng2/1007618test.jpg'}, 't': 0, 'success': True}】

【2022-07-19 14:47:10 INFO ---响应数据---{'code': 0, 'msg': '请求成功!', 'data': {}, 't': 0, 'success': True}】

【2022-07-19 14:47:11 INFO ---响应数据---{'code': 0, 'msg': '请求成功!', 'data': {'id': 1007618, 'createTime': '2022-02-24 11:30:07', 'updateTime': '2022-04-08 14:38:48', 'phone': '15834281863', 'code': None, 'email': None, 'unionId': '', 'openId': '', 'userName': None, 'password': None, 'userFullName': '秦俊伟', 'familyStructure': '单身贵族', 'ageClass': '20岁以下', 'userSource': '3', 'registerIp': '124.65.158.34', 'wechatId': None, 'deviceId': None, 'deviceType': None, 'gender': 0, 'maritalStatus': None, 'provinceId': None, 'cityId': None, 'regionId': None, 'company': None, 'title': None, 'referrer': None, 'teamLeaderWillingness': None, 'yearOfLearning': None, 'groupNo': None, 'token': 'a6c5b6195a2247bd87ca13c3548e0b61', 'tokenExpireSecond': 8640000, 'provinceName': '北京市', 'cityName': '北京市', 'regionName': '朝阳区', 'longitude': 116.446107, 'latitude': 40.062156, 'channel': None, 'switchType': 0, 'userType': 3, 'appOS': None, 'leadReaderStatus': None, 'countryCode': '+86', 'userIndustry': '', 'dictKey': None, 'userTypeDTOList': None, 'isCompanyUser': False, 'companyInfoVOList': None, 'identityCategory': 1, 'currentCompanyId': -1, 'companyName': None, 'logoUrl': None, 'deptName': None, 'avatar': 'https://audioapp.wangyangming.org.cn/kecheng2/1007618test.jpg'}, 't': 0, 'success': True}】

【2022-07-19 14:50:07 INFO ---响应数据---{'code': 0, 'msg': '请求成功!', 'data': {}, 't': 0, 'success': True}】

【2022-07-19 14:50:08 INFO ---响应数据---{'code': 0, 'msg': '请求成功!', 'data': {'id': 1007618, 'createTime': '2022-02-24 11:30:07', 'updateTime': '2022-04-08 14:38:48', 'phone': '15834281863', 'code': None, 'email': None, 'unionId': '', 'openId': '', 'userName': None, 'password': None, 'userFullName': '秦俊伟', 'familyStructure': '单身贵族', 'ageClass': '20岁以下', 'userSource': '3', 'registerIp': '124.65.158.34', 'wechatId': None, 'deviceId': None, 'deviceType': None, 'gender': 0, 'maritalStatus': None, 'provinceId': None, 'cityId': None, 'regionId': None, 'company': None, 'title': None, 'referrer': None, 'teamLeaderWillingness': None, 'yearOfLearning': None, 'groupNo': None, 'token': 'e0d243088b7f4d13869197ecc7e7e26a', 'tokenExpireSecond': 8640000, 'provinceName': '北京市', 'cityName': '北京市', 'regionName': '朝阳区', 'longitude': 116.446107, 'latitude': 40.062156, 'channel': None, 'switchType': 0, 'userType': 3, 'appOS': None, 'leadReaderStatus': None, 'countryCode': '+86', 'userIndustry': '', 'dictKey': None, 'userTypeDTOList': None, 'isCompanyUser': False, 'companyInfoVOList': None, 'identityCategory': 1, 'currentCompanyId': -1, 'companyName': None, 'logoUrl': None, 'deptName': None, 'avatar': 'https://audioapp.wangyangming.org.cn/kecheng2/1007618test.jpg'}, 't': 0, 'success': True}】

【2022-07-19 15:03:39 INFO ---响应数据---{'code': 0, 'msg': '请求成功!', 'data': {}, 't': 0, 'success': True}】

【2022-07-19 15:03:40 INFO ---响应数据---{'code': 0, 'msg': '请求成功!', 'data': {'id': 1007618, 'createTime': '2022-02-24 11:30:07', 'updateTime': '2022-04-08 14:38:48', 'phone': '15834281863', 'code': None, 'email': None, 'unionId': '', 'openId': '', 'userName': None, 'password': None, 'userFullName': '秦俊伟', 'familyStructure': '单身贵族', 'ageClass': '20岁以下', 'userSource': '3', 'registerIp': '124.65.158.34', 'wechatId': None, 'deviceId': None, 'deviceType': None, 'gender': 0, 'maritalStatus': None, 'provinceId': None, 'cityId': None, 'regionId': None, 'company': None, 'title': None, 'referrer': None, 'teamLeaderWillingness': None, 'yearOfLearning': None, 'groupNo': None, 'token': 'd3fa8dc8f1ea451d8d8357b00d81f58c', 'tokenExpireSecond': 8640000, 'provinceName': '北京市', 'cityName': '北京市', 'regionName': '朝阳区', 'longitude': 116.446107, 'latitude': 40.062156, 'channel': None, 'switchType': 0, 'userType': 3, 'appOS': None, 'leadReaderStatus': None, 'countryCode': '+86', 'userIndustry': '', 'dictKey': None, 'userTypeDTOList': None, 'isCompanyUser': False, 'companyInfoVOList': None, 'identityCategory': 1, 'currentCompanyId': -1, 'companyName': None, 'logoUrl': None, 'deptName': None, 'avatar': 'https://audioapp.wangyangming.org.cn/kecheng2/1007618test.jpg'}, 't': 0, 'success': True}】

【2022-07-19 15:04:14 INFO ---响应数据---{'code': 0, 'msg': '请求成功!', 'data': {}, 't': 0, 'success': True}】

【2022-07-19 15:04:15 INFO ---响应数据---{'code': 0, 'msg': '请求成功!', 'data': {'id': 1007618, 'createTime': '2022-02-24 11:30:07', 'updateTime': '2022-04-08 14:38:48', 'phone': '15834281863', 'code': None, 'email': None, 'unionId': '', 'openId': '', 'userName': None, 'password': None, 'userFullName': '秦俊伟', 'familyStructure': '单身贵族', 'ageClass': '20岁以下', 'userSource': '3', 'registerIp': '124.65.158.34', 'wechatId': None, 'deviceId': None, 'deviceType': None, 'gender': 0, 'maritalStatus': None, 'provinceId': None, 'cityId': None, 'regionId': None, 'company': None, 'title': None, 'referrer': None, 'teamLeaderWillingness': None, 'yearOfLearning': None, 'groupNo': None, 'token': 'dc040a2196c14771b2d073ddf4845939', 'tokenExpireSecond': 8640000, 'provinceName': '北京市', 'cityName': '北京市', 'regionName': '朝阳区', 'longitude': 116.446107, 'latitude': 40.062156, 'channel': None, 'switchType': 0, 'userType': 3, 'appOS': None, 'leadReaderStatus': None, 'countryCode': '+86', 'userIndustry': '', 'dictKey': None, 'userTypeDTOList': None, 'isCompanyUser': False, 'companyInfoVOList': None, 'identityCategory': 1, 'currentCompanyId': -1, 'companyName': None, 'logoUrl': None, 'deptName': None, 'avatar': 'https://audioapp.wangyangming.org.cn/kecheng2/1007618test.jpg'}, 't': 0, 'success': True}】

【2022-07-19 15:24:38 INFO ---响应数据---{'code': 0, 'msg': '请求成功!', 'data': {}, 't': 0, 'success': True}】

【2022-07-19 15:24:39 INFO ---响应数据---{'code': 0, 'msg': '请求成功!', 'data': {'id': 1007618, 'createTime': '2022-02-24 11:30:07', 'updateTime': '2022-04-08 14:38:48', 'phone': '15834281863', 'code': None, 'email': None, 'unionId': '', 'openId': '', 'userName': None, 'password': None, 'userFullName': '秦俊伟', 'familyStructure': '单身贵族', 'ageClass': '20岁以下', 'userSource': '3', 'registerIp': '124.65.158.34', 'wechatId': None, 'deviceId': None, 'deviceType': None, 'gender': 0, 'maritalStatus': None, 'provinceId': None, 'cityId': None, 'regionId': None, 'company': None, 'title': None, 'referrer': None, 'teamLeaderWillingness': None, 'yearOfLearning': None, 'groupNo': None, 'token': 'a25d334b72eb438d8814f3b371e8365e', 'tokenExpireSecond': 8640000, 'provinceName': '北京市', 'cityName': '北京市', 'regionName': '朝阳区', 'longitude': 116.446107, 'latitude': 40.062156, 'channel': None, 'switchType': 0, 'userType': 3, 'appOS': None, 'leadReaderStatus': None, 'countryCode': '+86', 'userIndustry': '', 'dictKey': None, 'userTypeDTOList': None, 'isCompanyUser': False, 'companyInfoVOList': None, 'identityCategory': 1, 'currentCompanyId': -1, 'companyName': None, 'logoUrl': None, 'deptName': None, 'avatar': 'https://audioapp.wangyangming.org.cn/kecheng2/1007618test.jpg'}, 't': 0, 'success': True}】

【2022-07-19 15:29:54 INFO ---响应数据---{'code': 0, 'msg': '请求成功!', 'data': {}, 't': 0, 'success': True}】

【2022-07-19 15:29:55 INFO ---响应数据---{'code': 0, 'msg': '请求成功!', 'data': {'id': 1007618, 'createTime': '2022-02-24 11:30:07', 'updateTime': '2022-04-08 14:38:48', 'phone': '15834281863', 'code': None, 'email': None, 'unionId': '', 'openId': '', 'userName': None, 'password': None, 'userFullName': '秦俊伟', 'familyStructure': '单身贵族', 'ageClass': '20岁以下', 'userSource': '3', 'registerIp': '124.65.158.34', 'wechatId': None, 'deviceId': None, 'deviceType': None, 'gender': 0, 'maritalStatus': None, 'provinceId': None, 'cityId': None, 'regionId': None, 'company': None, 'title': None, 'referrer': None, 'teamLeaderWillingness': None, 'yearOfLearning': None, 'groupNo': None, 'token': 'd2aee2f411b7466897b4e4683bca23d1', 'tokenExpireSecond': 8640000, 'provinceName': '北京市', 'cityName': '北京市', 'regionName': '朝阳区', 'longitude': 116.446107, 'latitude': 40.062156, 'channel': None, 'switchType': 0, 'userType': 3, 'appOS': None, 'leadReaderStatus': None, 'countryCode': '+86', 'userIndustry': '', 'dictKey': None, 'userTypeDTOList': None, 'isCompanyUser': False, 'companyInfoVOList': None, 'identityCategory': 1, 'currentCompanyId': -1, 'companyName': None, 'logoUrl': None, 'deptName': None, 'avatar': 'https://audioapp.wangyangming.org.cn/kecheng2/1007618test.jpg'}, 't': 0, 'success': True}】

【2022-07-19 15:31:45 INFO ---响应数据---{'code': 0, 'msg': '请求成功!', 'data': {}, 't': 0, 'success': True}】

【2022-07-19 15:31:46 INFO ---响应数据---{'code': 0, 'msg': '请求成功!', 'data': {'id': 1007618, 'createTime': '2022-02-24 11:30:07', 'updateTime': '2022-04-08 14:38:48', 'phone': '15834281863', 'code': None, 'email': None, 'unionId': '', 'openId': '', 'userName': None, 'password': None, 'userFullName': '秦俊伟', 'familyStructure': '单身贵族', 'ageClass': '20岁以下', 'userSource': '3', 'registerIp': '124.65.158.34', 'wechatId': None, 'deviceId': None, 'deviceType': None, 'gender': 0, 'maritalStatus': None, 'provinceId': None, 'cityId': None, 'regionId': None, 'company': None, 'title': None, 'referrer': None, 'teamLeaderWillingness': None, 'yearOfLearning': None, 'groupNo': None, 'token': 'e05c1bc60ac64df6b0732a40e29a4088', 'tokenExpireSecond': 8640000, 'provinceName': '北京市', 'cityName': '北京市', 'regionName': '朝阳区', 'longitude': 116.446107, 'latitude': 40.062156, 'channel': None, 'switchType': 0, 'userType': 3, 'appOS': None, 'leadReaderStatus': None, 'countryCode': '+86', 'userIndustry': '', 'dictKey': None, 'userTypeDTOList': None, 'isCompanyUser': False, 'companyInfoVOList': None, 'identityCategory': 1, 'currentCompanyId': -1, 'companyName': None, 'logoUrl': None, 'deptName': None, 'avatar': 'https://audioapp.wangyangming.org.cn/kecheng2/1007618test.jpg'}, 't': 0, 'success': True}】

【2022-07-19 15:33:48 INFO ---响应数据---{'code': 0, 'msg': '请求成功!', 'data': {}, 't': 0, 'success': True}】

【2022-07-19 15:33:49 INFO ---响应数据---{'code': 0, 'msg': '请求成功!', 'data': {'id': 1007618, 'createTime': '2022-02-24 11:30:07', 'updateTime': '2022-04-08 14:38:48', 'phone': '15834281863', 'code': None, 'email': None, 'unionId': '', 'openId': '', 'userName': None, 'password': None, 'userFullName': '秦俊伟', 'familyStructure': '单身贵族', 'ageClass': '20岁以下', 'userSource': '3', 'registerIp': '124.65.158.34', 'wechatId': None, 'deviceId': None, 'deviceType': None, 'gender': 0, 'maritalStatus': None, 'provinceId': None, 'cityId': None, 'regionId': None, 'company': None, 'title': None, 'referrer': None, 'teamLeaderWillingness': None, 'yearOfLearning': None, 'groupNo': None, 'token': '01eea1d8d45f49159566efa6d3b46f49', 'tokenExpireSecond': 8640000, 'provinceName': '北京市', 'cityName': '北京市', 'regionName': '朝阳区', 'longitude': 116.446107, 'latitude': 40.062156, 'channel': None, 'switchType': 0, 'userType': 3, 'appOS': None, 'leadReaderStatus': None, 'countryCode': '+86', 'userIndustry': '', 'dictKey': None, 'userTypeDTOList': None, 'isCompanyUser': False, 'companyInfoVOList': None, 'identityCategory': 1, 'currentCompanyId': -1, 'companyName': None, 'logoUrl': None, 'deptName': None, 'avatar': 'https://audioapp.wangyangming.org.cn/kecheng2/1007618test.jpg'}, 't': 0, 'success': True}】

【2022-07-19 15:38:36 INFO ---响应数据---{'code': 0, 'msg': '请求成功!', 'data': {}, 't': 0, 'success': True}】

【2022-07-19 15:38:37 INFO ---响应数据---{'code': 0, 'msg': '请求成功!', 'data': {'id': 1007618, 'createTime': '2022-02-24 11:30:07', 'updateTime': '2022-04-08 14:38:48', 'phone': '15834281863', 'code': None, 'email': None, 'unionId': '', 'openId': '', 'userName': None, 'password': None, 'userFullName': '秦俊伟', 'familyStructure': '单身贵族', 'ageClass': '20岁以下', 'userSource': '3', 'registerIp': '124.65.158.34', 'wechatId': None, 'deviceId': None, 'deviceType': None, 'gender': 0, 'maritalStatus': None, 'provinceId': None, 'cityId': None, 'regionId': None, 'company': None, 'title': None, 'referrer': None, 'teamLeaderWillingness': None, 'yearOfLearning': None, 'groupNo': None, 'token': '109202974f704a229c32682bb16c8f73', 'tokenExpireSecond': 8640000, 'provinceName': '北京市', 'cityName': '北京市', 'regionName': '朝阳区', 'longitude': 116.446107, 'latitude': 40.062156, 'channel': None, 'switchType': 0, 'userType': 3, 'appOS': None, 'leadReaderStatus': None, 'countryCode': '+86', 'userIndustry': '', 'dictKey': None, 'userTypeDTOList': None, 'isCompanyUser': False, 'companyInfoVOList': None, 'identityCategory': 1, 'currentCompanyId': -1, 'companyName': None, 'logoUrl': None, 'deptName': None, 'avatar': 'https://audioapp.wangyangming.org.cn/kecheng2/1007618test.jpg'}, 't': 0, 'success': True}】

【2022-07-19 15:40:03 INFO ---响应数据---{'code': 0, 'msg': '请求成功!', 'data': {}, 't': 0, 'success': True}】

【2022-07-19 15:40:04 INFO ---响应数据---{'code': 0, 'msg': '请求成功!', 'data': {'id': 1007618, 'createTime': '2022-02-24 11:30:07', 'updateTime': '2022-04-08 14:38:48', 'phone': '15834281863', 'code': None, 'email': None, 'unionId': '', 'openId': '', 'userName': None, 'password': None, 'userFullName': '秦俊伟', 'familyStructure': '单身贵族', 'ageClass': '20岁以下', 'userSource': '3', 'registerIp': '124.65.158.34', 'wechatId': None, 'deviceId': None, 'deviceType': None, 'gender': 0, 'maritalStatus': None, 'provinceId': None, 'cityId': None, 'regionId': None, 'company': None, 'title': None, 'referrer': None, 'teamLeaderWillingness': None, 'yearOfLearning': None, 'groupNo': None, 'token': 'a6963b4aa54d4c1a9de53a4ad4181b54', 'tokenExpireSecond': 8640000, 'provinceName': '北京市', 'cityName': '北京市', 'regionName': '朝阳区', 'longitude': 116.446107, 'latitude': 40.062156, 'channel': None, 'switchType': 0, 'userType': 3, 'appOS': None, 'leadReaderStatus': None, 'countryCode': '+86', 'userIndustry': '', 'dictKey': None, 'userTypeDTOList': None, 'isCompanyUser': False, 'companyInfoVOList': None, 'identityCategory': 1, 'currentCompanyId': -1, 'companyName': None, 'logoUrl': None, 'deptName': None, 'avatar': 'https://audioapp.wangyangming.org.cn/kecheng2/1007618test.jpg'}, 't': 0, 'success': True}】

【2022-07-19 15:41:30 INFO ---响应数据---{'code': 0, 'msg': '请求成功!', 'data': {}, 't': 0, 'success': True}】

【2022-07-19 15:41:31 INFO ---响应数据---{'code': 0, 'msg': '请求成功!', 'data': {'id': 1007618, 'createTime': '2022-02-24 11:30:07', 'updateTime': '2022-04-08 14:38:48', 'phone': '15834281863', 'code': None, 'email': None, 'unionId': '', 'openId': '', 'userName': None, 'password': None, 'userFullName': '秦俊伟', 'familyStructure': '单身贵族', 'ageClass': '20岁以下', 'userSource': '3', 'registerIp': '124.65.158.34', 'wechatId': None, 'deviceId': None, 'deviceType': None, 'gender': 0, 'maritalStatus': None, 'provinceId': None, 'cityId': None, 'regionId': None, 'company': None, 'title': None, 'referrer': None, 'teamLeaderWillingness': None, 'yearOfLearning': None, 'groupNo': None, 'token': '2702b33078ec4f258c69a3a8b3457eaa', 'tokenExpireSecond': 8640000, 'provinceName': '北京市', 'cityName': '北京市', 'regionName': '朝阳区', 'longitude': 116.446107, 'latitude': 40.062156, 'channel': None, 'switchType': 0, 'userType': 3, 'appOS': None, 'leadReaderStatus': None, 'countryCode': '+86', 'userIndustry': '', 'dictKey': None, 'userTypeDTOList': None, 'isCompanyUser': False, 'companyInfoVOList': None, 'identityCategory': 1, 'currentCompanyId': -1, 'companyName': None, 'logoUrl': None, 'deptName': None, 'avatar': 'https://audioapp.wangyangming.org.cn/kecheng2/1007618test.jpg'}, 't': 0, 'success': True}】

【2022-07-19 15:43:39 INFO ---响应数据---{'code': 0, 'msg': '请求成功!', 'data': {}, 't': 0, 'success': True}】

【2022-07-19 15:43:40 INFO ---响应数据---{'code': 0, 'msg': '请求成功!', 'data': {'id': 1007618, 'createTime': '2022-02-24 11:30:07', 'updateTime': '2022-04-08 14:38:48', 'phone': '15834281863', 'code': None, 'email': None, 'unionId': '', 'openId': '', 'userName': None, 'password': None, 'userFullName': '秦俊伟', 'familyStructure': '单身贵族', 'ageClass': '20岁以下', 'userSource': '3', 'registerIp': '124.65.158.34', 'wechatId': None, 'deviceId': None, 'deviceType': None, 'gender': 0, 'maritalStatus': None, 'provinceId': None, 'cityId': None, 'regionId': None, 'company': None, 'title': None, 'referrer': None, 'teamLeaderWillingness': None, 'yearOfLearning': None, 'groupNo': None, 'token': '521b629d390d492281970aa86cfa9fe8', 'tokenExpireSecond': 8640000, 'provinceName': '北京市', 'cityName': '北京市', 'regionName': '朝阳区', 'longitude': 116.446107, 'latitude': 40.062156, 'channel': None, 'switchType': 0, 'userType': 3, 'appOS': None, 'leadReaderStatus': None, 'countryCode': '+86', 'userIndustry': '', 'dictKey': None, 'userTypeDTOList': None, 'isCompanyUser': False, 'companyInfoVOList': None, 'identityCategory': 1, 'currentCompanyId': -1, 'companyName': None, 'logoUrl': None, 'deptName': None, 'avatar': 'https://audioapp.wangyangming.org.cn/kecheng2/1007618test.jpg'}, 't': 0, 'success': True}】

【2022-07-19 15:46:01 INFO ---响应数据---{'code': 0, 'msg': '请求成功!', 'data': {}, 't': 0, 'success': True}】

【2022-07-19 15:46:02 INFO ---响应数据---{'code': 0, 'msg': '请求成功!', 'data': {'id': 1007618, 'createTime': '2022-02-24 11:30:07', 'updateTime': '2022-04-08 14:38:48', 'phone': '15834281863', 'code': None, 'email': None, 'unionId': '', 'openId': '', 'userName': None, 'password': None, 'userFullName': '秦俊伟', 'familyStructure': '单身贵族', 'ageClass': '20岁以下', 'userSource': '3', 'registerIp': '124.65.158.34', 'wechatId': None, 'deviceId': None, 'deviceType': None, 'gender': 0, 'maritalStatus': None, 'provinceId': None, 'cityId': None, 'regionId': None, 'company': None, 'title': None, 'referrer': None, 'teamLeaderWillingness': None, 'yearOfLearning': None, 'groupNo': None, 'token': '98696a1d4f57489289ddf7a6841b62a9', 'tokenExpireSecond': 8640000, 'provinceName': '北京市', 'cityName': '北京市', 'regionName': '朝阳区', 'longitude': 116.446107, 'latitude': 40.062156, 'channel': None, 'switchType': 0, 'userType': 3, 'appOS': None, 'leadReaderStatus': None, 'countryCode': '+86', 'userIndustry': '', 'dictKey': None, 'userTypeDTOList': None, 'isCompanyUser': False, 'companyInfoVOList': None, 'identityCategory': 1, 'currentCompanyId': -1, 'companyName': None, 'logoUrl': None, 'deptName': None, 'avatar': 'https://audioapp.wangyangming.org.cn/kecheng2/1007618test.jpg'}, 't': 0, 'success': True}】

【2022-07-19 15:46:43 INFO ---响应数据---{'code': 0, 'msg': '请求成功!', 'data': {}, 't': 0, 'success': True}】

【2022-07-19 15:46:44 INFO ---响应数据---{'code': 0, 'msg': '请求成功!', 'data': {'id': 1007618, 'createTime': '2022-02-24 11:30:07', 'updateTime': '2022-04-08 14:38:48', 'phone': '15834281863', 'code': None, 'email': None, 'unionId': '', 'openId': '', 'userName': None, 'password': None, 'userFullName': '秦俊伟', 'familyStructure': '单身贵族', 'ageClass': '20岁以下', 'userSource': '3', 'registerIp': '124.65.158.34', 'wechatId': None, 'deviceId': None, 'deviceType': None, 'gender': 0, 'maritalStatus': None, 'provinceId': None, 'cityId': None, 'regionId': None, 'company': None, 'title': None, 'referrer': None, 'teamLeaderWillingness': None, 'yearOfLearning': None, 'groupNo': None, 'token': '588a9607aeca4c24860f8f12f4db1247', 'tokenExpireSecond': 8640000, 'provinceName': '北京市', 'cityName': '北京市', 'regionName': '朝阳区', 'longitude': 116.446107, 'latitude': 40.062156, 'channel': None, 'switchType': 0, 'userType': 3, 'appOS': None, 'leadReaderStatus': None, 'countryCode': '+86', 'userIndustry': '', 'dictKey': None, 'userTypeDTOList': None, 'isCompanyUser': False, 'companyInfoVOList': None, 'identityCategory': 1, 'currentCompanyId': -1, 'companyName': None, 'logoUrl': None, 'deptName': None, 'avatar': 'https://audioapp.wangyangming.org.cn/kecheng2/1007618test.jpg'}, 't': 0, 'success': True}】

【2022-07-19 15:48:32 INFO ---响应数据---{'code': 0, 'msg': '请求成功!', 'data': {}, 't': 0, 'success': True}】

【2022-07-19 15:48:33 INFO ---响应数据---{'code': 0, 'msg': '请求成功!', 'data': {'id': 1007618, 'createTime': '2022-02-24 11:30:07', 'updateTime': '2022-04-08 14:38:48', 'phone': '15834281863', 'code': None, 'email': None, 'unionId': '', 'openId': '', 'userName': None, 'password': None, 'userFullName': '秦俊伟', 'familyStructure': '单身贵族', 'ageClass': '20岁以下', 'userSource': '3', 'registerIp': '124.65.158.34', 'wechatId': None, 'deviceId': None, 'deviceType': None, 'gender': 0, 'maritalStatus': None, 'provinceId': None, 'cityId': None, 'regionId': None, 'company': None, 'title': None, 'referrer': None, 'teamLeaderWillingness': None, 'yearOfLearning': None, 'groupNo': None, 'token': 'd2d323f1b27c401e90284594cfed1f93', 'tokenExpireSecond': 8640000, 'provinceName': '北京市', 'cityName': '北京市', 'regionName': '朝阳区', 'longitude': 116.446107, 'latitude': 40.062156, 'channel': None, 'switchType': 0, 'userType': 3, 'appOS': None, 'leadReaderStatus': None, 'countryCode': '+86', 'userIndustry': '', 'dictKey': None, 'userTypeDTOList': None, 'isCompanyUser': False, 'companyInfoVOList': None, 'identityCategory': 1, 'currentCompanyId': -1, 'companyName': None, 'logoUrl': None, 'deptName': None, 'avatar': 'https://audioapp.wangyangming.org.cn/kecheng2/1007618test.jpg'}, 't': 0, 'success': True}】

【2022-07-19 15:49:26 INFO ---响应数据---{'code': 0, 'msg': '请求成功!', 'data': {}, 't': 0, 'success': True}】

【2022-07-19 15:49:27 INFO ---响应数据---{'code': 0, 'msg': '请求成功!', 'data': {'id': 1007618, 'createTime': '2022-02-24 11:30:07', 'updateTime': '2022-04-08 14:38:48', 'phone': '15834281863', 'code': None, 'email': None, 'unionId': '', 'openId': '', 'userName': None, 'password': None, 'userFullName': '秦俊伟', 'familyStructure': '单身贵族', 'ageClass': '20岁以下', 'userSource': '3', 'registerIp': '124.65.158.34', 'wechatId': None, 'deviceId': None, 'deviceType': None, 'gender': 0, 'maritalStatus': None, 'provinceId': None, 'cityId': None, 'regionId': None, 'company': None, 'title': None, 'referrer': None, 'teamLeaderWillingness': None, 'yearOfLearning': None, 'groupNo': None, 'token': '9c2076c546b049269b0811dd0d0b0399', 'tokenExpireSecond': 8640000, 'provinceName': '北京市', 'cityName': '北京市', 'regionName': '朝阳区', 'longitude': 116.446107, 'latitude': 40.062156, 'channel': None, 'switchType': 0, 'userType': 3, 'appOS': None, 'leadReaderStatus': None, 'countryCode': '+86', 'userIndustry': '', 'dictKey': None, 'userTypeDTOList': None, 'isCompanyUser': False, 'companyInfoVOList': None, 'identityCategory': 1, 'currentCompanyId': -1, 'companyName': None, 'logoUrl': None, 'deptName': None, 'avatar': 'https://audioapp.wangyangming.org.cn/kecheng2/1007618test.jpg'}, 't': 0, 'success': True}】

【2022-07-19 15:51:00 INFO ---响应数据---{'code': 0, 'msg': '请求成功!', 'data': {}, 't': 0, 'success': True}】

【2022-07-19 15:51:01 INFO ---响应数据---{'code': 0, 'msg': '请求成功!', 'data': {'id': 1007618, 'createTime': '2022-02-24 11:30:07', 'updateTime': '2022-04-08 14:38:48', 'phone': '15834281863', 'code': None, 'email': None, 'unionId': '', 'openId': '', 'userName': None, 'password': None, 'userFullName': '秦俊伟', 'familyStructure': '单身贵族', 'ageClass': '20岁以下', 'userSource': '3', 'registerIp': '124.65.158.34', 'wechatId': None, 'deviceId': None, 'deviceType': None, 'gender': 0, 'maritalStatus': None, 'provinceId': None, 'cityId': None, 'regionId': None, 'company': None, 'title': None, 'referrer': None, 'teamLeaderWillingness': None, 'yearOfLearning': None, 'groupNo': None, 'token': 'f0b61f99a3f74db89ebe0a571cd004b1', 'tokenExpireSecond': 8640000, 'provinceName': '北京市', 'cityName': '北京市', 'regionName': '朝阳区', 'longitude': 116.446107, 'latitude': 40.062156, 'channel': None, 'switchType': 0, 'userType': 3, 'appOS': None, 'leadReaderStatus': None, 'countryCode': '+86', 'userIndustry': '', 'dictKey': None, 'userTypeDTOList': None, 'isCompanyUser': False, 'companyInfoVOList': None, 'identityCategory': 1, 'currentCompanyId': -1, 'companyName': None, 'logoUrl': None, 'deptName': None, 'avatar': 'https://audioapp.wangyangming.org.cn/kecheng2/1007618test.jpg'}, 't': 0, 'success': True}】

【2022-07-19 15:52:01 INFO ---响应数据---{'code': 0, 'msg': '请求成功!', 'data': {}, 't': 0, 'success': True}】

【2022-07-19 15:52:02 INFO ---响应数据---{'code': 0, 'msg': '请求成功!', 'data': {'id': 1007618, 'createTime': '2022-02-24 11:30:07', 'updateTime': '2022-04-08 14:38:48', 'phone': '15834281863', 'code': None, 'email': None, 'unionId': '', 'openId': '', 'userName': None, 'password': None, 'userFullName': '秦俊伟', 'familyStructure': '单身贵族', 'ageClass': '20岁以下', 'userSource': '3', 'registerIp': '124.65.158.34', 'wechatId': None, 'deviceId': None, 'deviceType': None, 'gender': 0, 'maritalStatus': None, 'provinceId': None, 'cityId': None, 'regionId': None, 'company': None, 'title': None, 'referrer': None, 'teamLeaderWillingness': None, 'yearOfLearning': None, 'groupNo': None, 'token': '3bfc7172f30f4c1098eb2ae8826826f4', 'tokenExpireSecond': 8640000, 'provinceName': '北京市', 'cityName': '北京市', 'regionName': '朝阳区', 'longitude': 116.446107, 'latitude': 40.062156, 'channel': None, 'switchType': 0, 'userType': 3, 'appOS': None, 'leadReaderStatus': None, 'countryCode': '+86', 'userIndustry': '', 'dictKey': None, 'userTypeDTOList': None, 'isCompanyUser': False, 'companyInfoVOList': None, 'identityCategory': 1, 'currentCompanyId': -1, 'companyName': None, 'logoUrl': None, 'deptName': None, 'avatar': 'https://audioapp.wangyangming.org.cn/kecheng2/1007618test.jpg'}, 't': 0, 'success': True}】

【2022-07-19 15:53:30 INFO ---响应数据---{'code': 0, 'msg': '请求成功!', 'data': {}, 't': 0, 'success': True}】

【2022-07-19 15:53:31 INFO ---响应数据---{'code': 0, 'msg': '请求成功!', 'data': {'id': 1007618, 'createTime': '2022-02-24 11:30:07', 'updateTime': '2022-04-08 14:38:48', 'phone': '15834281863', 'code': None, 'email': None, 'unionId': '', 'openId': '', 'userName': None, 'password': None, 'userFullName': '秦俊伟', 'familyStructure': '单身贵族', 'ageClass': '20岁以下', 'userSource': '3', 'registerIp': '124.65.158.34', 'wechatId': None, 'deviceId': None, 'deviceType': None, 'gender': 0, 'maritalStatus': None, 'provinceId': None, 'cityId': None, 'regionId': None, 'company': None, 'title': None, 'referrer': None, 'teamLeaderWillingness': None, 'yearOfLearning': None, 'groupNo': None, 'token': '0fba11752d1a4544b0e3c572e4f17533', 'tokenExpireSecond': 8640000, 'provinceName': '北京市', 'cityName': '北京市', 'regionName': '朝阳区', 'longitude': 116.446107, 'latitude': 40.062156, 'channel': None, 'switchType': 0, 'userType': 3, 'appOS': None, 'leadReaderStatus': None, 'countryCode': '+86', 'userIndustry': '', 'dictKey': None, 'userTypeDTOList': None, 'isCompanyUser': False, 'companyInfoVOList': None, 'identityCategory': 1, 'currentCompanyId': -1, 'companyName': None, 'logoUrl': None, 'deptName': None, 'avatar': 'https://audioapp.wangyangming.org.cn/kecheng2/1007618test.jpg'}, 't': 0, 'success': True}】

【2022-07-19 15:53:56 INFO ---响应数据---{'code': 0, 'msg': '请求成功!', 'data': {}, 't': 0, 'success': True}】

【2022-07-19 15:53:57 INFO ---响应数据---{'code': 0, 'msg': '请求成功!', 'data': {'id': 1007618, 'createTime': '2022-02-24 11:30:07', 'updateTime': '2022-04-08 14:38:48', 'phone': '15834281863', 'code': None, 'email': None, 'unionId': '', 'openId': '', 'userName': None, 'password': None, 'userFullName': '秦俊伟', 'familyStructure': '单身贵族', 'ageClass': '20岁以下', 'userSource': '3', 'registerIp': '124.65.158.34', 'wechatId': None, 'deviceId': None, 'deviceType': None, 'gender': 0, 'maritalStatus': None, 'provinceId': None, 'cityId': None, 'regionId': None, 'company': None, 'title': None, 'referrer': None, 'teamLeaderWillingness': None, 'yearOfLearning': None, 'groupNo': None, 'token': 'd69fd880ad8a4a7faea1a8727bef242e', 'tokenExpireSecond': 8640000, 'provinceName': '北京市', 'cityName': '北京市', 'regionName': '朝阳区', 'longitude': 116.446107, 'latitude': 40.062156, 'channel': None, 'switchType': 0, 'userType': 3, 'appOS': None, 'leadReaderStatus': None, 'countryCode': '+86', 'userIndustry': '', 'dictKey': None, 'userTypeDTOList': None, 'isCompanyUser': False, 'companyInfoVOList': None, 'identityCategory': 1, 'currentCompanyId': -1, 'companyName': None, 'logoUrl': None, 'deptName': None, 'avatar': 'https://audioapp.wangyangming.org.cn/kecheng2/1007618test.jpg'}, 't': 0, 'success': True}】

【2022-07-19 16:03:40 INFO ---响应数据--apiName---{'code': 0, 'msg': '请求成功!', 'data': {}, 't': 0, 'success': True}】

【2022-07-19 16:03:41 INFO ---响应数据--apiName---{'code': 0, 'msg': '请求成功!', 'data': {'id': 1007618, 'createTime': '2022-02-24 11:30:07', 'updateTime': '2022-04-08 14:38:48', 'phone': '15834281863', 'code': None, 'email': None, 'unionId': '', 'openId': '', 'userName': None, 'password': None, 'userFullName': '秦俊伟', 'familyStructure': '单身贵族', 'ageClass': '20岁以下', 'userSource': '3', 'registerIp': '124.65.158.34', 'wechatId': None, 'deviceId': None, 'deviceType': None, 'gender': 0, 'maritalStatus': None, 'provinceId': None, 'cityId': None, 'regionId': None, 'company': None, 'title': None, 'referrer': None, 'teamLeaderWillingness': None, 'yearOfLearning': None, 'groupNo': None, 'token': 'c61500d2808b45d2bbcf49bcfd0da351', 'tokenExpireSecond': 8640000, 'provinceName': '北京市', 'cityName': '北京市', 'regionName': '朝阳区', 'longitude': 116.446107, 'latitude': 40.062156, 'channel': None, 'switchType': 0, 'userType': 3, 'appOS': None, 'leadReaderStatus': None, 'countryCode': '+86', 'userIndustry': '', 'dictKey': None, 'userTypeDTOList': None, 'isCompanyUser': False, 'companyInfoVOList': None, 'identityCategory': 1, 'currentCompanyId': -1, 'companyName': None, 'logoUrl': None, 'deptName': None, 'avatar': 'https://audioapp.wangyangming.org.cn/kecheng2/1007618test.jpg'}, 't': 0, 'success': True}】

【2022-07-19 16:06:56 INFO ---响应数据--apiName---{'code': 0, 'msg': '请求成功!', 'data': {}, 't': 0, 'success': True}】

【2022-07-19 16:06:57 INFO ---响应数据--apiName---{'code': 0, 'msg': '请求成功!', 'data': {'id': 1007618, 'createTime': '2022-02-24 11:30:07', 'updateTime': '2022-04-08 14:38:48', 'phone': '15834281863', 'code': None, 'email': None, 'unionId': '', 'openId': '', 'userName': None, 'password': None, 'userFullName': '秦俊伟', 'familyStructure': '单身贵族', 'ageClass': '20岁以下', 'userSource': '3', 'registerIp': '124.65.158.34', 'wechatId': None, 'deviceId': None, 'deviceType': None, 'gender': 0, 'maritalStatus': None, 'provinceId': None, 'cityId': None, 'regionId': None, 'company': None, 'title': None, 'referrer': None, 'teamLeaderWillingness': None, 'yearOfLearning': None, 'groupNo': None, 'token': '43d1e48c487647b4951f559de87a9513', 'tokenExpireSecond': 8640000, 'provinceName': '北京市', 'cityName': '北京市', 'regionName': '朝阳区', 'longitude': 116.446107, 'latitude': 40.062156, 'channel': None, 'switchType': 0, 'userType': 3, 'appOS': None, 'leadReaderStatus': None, 'countryCode': '+86', 'userIndustry': '', 'dictKey': None, 'userTypeDTOList': None, 'isCompanyUser': False, 'companyInfoVOList': None, 'identityCategory': 1, 'currentCompanyId': -1, 'companyName': None, 'logoUrl': None, 'deptName': None, 'avatar': 'https://audioapp.wangyangming.org.cn/kecheng2/1007618test.jpg'}, 't': 0, 'success': True}】

【2022-07-19 16:07:38 ERROR {'id': 'sbq_001', '接口名称': '获取验证码', '域名': 'https://zlzgy-tetralogy-server-test.zlzgy.org.cn/v1', '接口地址': '/server/security/getPhoneCode', '请求方式': 'post', '请求头': '{"content-type": "application/json","charset": "UTF-8"}', '请求参数': '{"phone":"15834281863","countryCode":"+86","testMode":true,"type": "1"}', '检查点': 'msg:请求成功', '保存数据': '', 'section': '', '是否执行': 'yes', '请求延迟': ''}】

【2022-07-19 16:07:38 ERROR {'id': 'sbq_002', '接口名称': '登录成功', '域名': 'https://zlzgy-tetralogy-server-test.zlzgy.org.cn/v1', '接口地址': '/server/security/login', '请求方式': 'post', '请求头': '{"content-type": "application/json","charset": "UTF-8"}', '请求参数': '{"loginTyp": "PHONE_CODE","password": "000000","userSource": "3","username": "15834281863"}', '检查点': 'msg:请求成功', '保存数据': '{"data":["token","id","phone"]}', 'section': 'user', '是否执行': 'yes', '请求延迟': 'yes'}】

【2022-07-19 16:07:38 ERROR {'id': 'sbq_003', '接口名称': '补全信息', '域名': 'https://zlzgy-tetralogy-server-test.zlzgy.org.cn/v1', '接口地址': '/server/api/v1/user/updateUserInfo', '请求方式': 'post', '请求头': '{"content-type": "application/json","charset": "UTF-8", "Authorization": "${token}"}', '请求参数': '{"account": null,"ageClass": null,"ageClassVal": 11, "agreeToCall": 0, "avatar": null, "channel": 0, "cityId": null, "cityName": null, "code": null, "company": "其他", "createTime": null, "deviceId": null, "deviceType": 0, "education": "初中及以下", "educationVal": 1, "email": null, "familyStructure": "五代其昌", "familyStructureVal": 5, "gender": 0, "groupNo": 0, "id": "${userId}","token": "${token}","phone": "${phone}", "latitude": 0, "learnExpectation": null, "learnOwner": null, "learnOwnerVal": 0, "learnTime": "没学过", "learnTimeVal": 1, "learnTogether": null, "learnTogetherVal": 0, "longitude": 0, "maritalStatus": false, "openId": null, "password": null,  "profess": "企业经营者", "professVal": 0, "provinceId": null, "provinceName": null, "referrer": null, "regionId": null, "regionName": null,\n "registerIp": null, "switchType": 0, "title": null,  "tokenExpireSecond": 0, "unionId": null, "updateTime":null, "userEnterprise":null, "userEnterpriseVal": 0,"userFullName": "${randomName}", "userIndustry": null, "userIndustryVal": 0, "userName": null, "userSource": "1", "userType": 0, "wechatId": null}', '检查点': 'msg:请求成功', '保存数据': '', 'section': '', '是否执行': 'no', '请求延迟': ''}】

【2022-07-19 16:07:38 INFO ---响应数据--apiName---{'code': 0, 'msg': '请求成功!', 'data': {}, 't': 0, 'success': True}】

【2022-07-19 16:07:39 INFO ---响应数据--apiName---{'code': 0, 'msg': '请求成功!', 'data': {'id': 1007618, 'createTime': '2022-02-24 11:30:07', 'updateTime': '2022-04-08 14:38:48', 'phone': '15834281863', 'code': None, 'email': None, 'unionId': '', 'openId': '', 'userName': None, 'password': None, 'userFullName': '秦俊伟', 'familyStructure': '单身贵族', 'ageClass': '20岁以下', 'userSource': '3', 'registerIp': '124.65.158.34', 'wechatId': None, 'deviceId': None, 'deviceType': None, 'gender': 0, 'maritalStatus': None, 'provinceId': None, 'cityId': None, 'regionId': None, 'company': None, 'title': None, 'referrer': None, 'teamLeaderWillingness': None, 'yearOfLearning': None, 'groupNo': None, 'token': '6320c064940743e59580390cf8ec50ac', 'tokenExpireSecond': 8640000, 'provinceName': '北京市', 'cityName': '北京市', 'regionName': '朝阳区', 'longitude': 116.446107, 'latitude': 40.062156, 'channel': None, 'switchType': 0, 'userType': 3, 'appOS': None, 'leadReaderStatus': None, 'countryCode': '+86', 'userIndustry': '', 'dictKey': None, 'userTypeDTOList': None, 'isCompanyUser': False, 'companyInfoVOList': None, 'identityCategory': 1, 'currentCompanyId': -1, 'companyName': None, 'logoUrl': None, 'deptName': None, 'avatar': 'https://audioapp.wangyangming.org.cn/kecheng2/1007618test.jpg'}, 't': 0, 'success': True}】

【2022-07-19 16:14:24 ERROR ---cases[10]---{'id': 'sbq_002', '接口名称': '登录成功', '域名': 'https://zlzgy-tetralogy-server-test.zlzgy.org.cn/v1', '接口地址': '/server/security/login', '请求方式': 'post', '请求头': '{"content-type": "application/json","charset": "UTF-8"}', '请求参数': '{"loginTyp": "PHONE_CODE","password": "000000","userSource": "3","username": "15834281863"}', '检查点': 'msg:请求成功', '保存数据': '{"data":["token","id","phone"]}', 'section': 'user', '是否执行': 'yes', '请求延迟': 'yes'}】

【2022-07-19 16:14:24 INFO ---接口名称-获取验证码
--响应数据---{'code': 0, 'msg': '请求成功!', 'data': {}, 't': 0, 'success': True}】

【2022-07-19 16:14:24 ERROR ---cases[10]---{'id': 'sbq_002', '接口名称': '登录成功', '域名': 'https://zlzgy-tetralogy-server-test.zlzgy.org.cn/v1', '接口地址': '/server/security/login', '请求方式': 'post', '请求头': '{"content-type": "application/json","charset": "UTF-8"}', '请求参数': '{"loginTyp": "PHONE_CODE","password": "000000","userSource": "3","username": "15834281863"}', '检查点': 'msg:请求成功', '保存数据': '{"data":["token","id","phone"]}', 'section': 'user', '是否执行': 'yes', '请求延迟': 'yes'}】

【2022-07-19 16:14:25 INFO ---接口名称-登录成功
--响应数据---{'code': 0, 'msg': '请求成功!', 'data': {'id': 1007618, 'createTime': '2022-02-24 11:30:07', 'updateTime': '2022-04-08 14:38:48', 'phone': '15834281863', 'code': None, 'email': None, 'unionId': '', 'openId': '', 'userName': None, 'password': None, 'userFullName': '秦俊伟', 'familyStructure': '单身贵族', 'ageClass': '20岁以下', 'userSource': '3', 'registerIp': '124.65.158.34', 'wechatId': None, 'deviceId': None, 'deviceType': None, 'gender': 0, 'maritalStatus': None, 'provinceId': None, 'cityId': None, 'regionId': None, 'company': None, 'title': None, 'referrer': None, 'teamLeaderWillingness': None, 'yearOfLearning': None, 'groupNo': None, 'token': '9b3b31e0913e4a9ba2b1cde9a602dc01', 'tokenExpireSecond': 8640000, 'provinceName': '北京市', 'cityName': '北京市', 'regionName': '朝阳区', 'longitude': 116.446107, 'latitude': 40.062156, 'channel': None, 'switchType': 0, 'userType': 3, 'appOS': None, 'leadReaderStatus': None, 'countryCode': '+86', 'userIndustry': '', 'dictKey': None, 'userTypeDTOList': None, 'isCompanyUser': False, 'companyInfoVOList': None, 'identityCategory': 1, 'currentCompanyId': -1, 'companyName': None, 'logoUrl': None, 'deptName': None, 'avatar': 'https://audioapp.wangyangming.org.cn/kecheng2/1007618test.jpg'}, 't': 0, 'success': True}】

【2022-07-19 16:14:25 ERROR ---cases[10]---{'id': 'sbq_002', '接口名称': '登录成功', '域名': 'https://zlzgy-tetralogy-server-test.zlzgy.org.cn/v1', '接口地址': '/server/security/login', '请求方式': 'post', '请求头': '{"content-type": "application/json","charset": "UTF-8"}', '请求参数': '{"loginTyp": "PHONE_CODE","password": "000000","userSource": "3","username": "15834281863"}', '检查点': 'msg:请求成功', '保存数据': '{"data":["token","id","phone"]}', 'section': 'user', '是否执行': 'yes', '请求延迟': 'yes'}】

【2022-07-19 16:15:25 ERROR ---cases[10]---yes】

【2022-07-19 16:15:25 INFO ---接口名称-获取验证码
--响应数据---{'code': 0, 'msg': '请求成功!', 'data': {}, 't': 0, 'success': True}】

【2022-07-19 16:15:25 ERROR ---cases[10]---yes】

【2022-07-19 16:15:26 INFO ---接口名称-登录成功
--响应数据---{'code': 0, 'msg': '请求成功!', 'data': {'id': 1007618, 'createTime': '2022-02-24 11:30:07', 'updateTime': '2022-04-08 14:38:48', 'phone': '15834281863', 'code': None, 'email': None, 'unionId': '', 'openId': '', 'userName': None, 'password': None, 'userFullName': '秦俊伟', 'familyStructure': '单身贵族', 'ageClass': '20岁以下', 'userSource': '3', 'registerIp': '124.65.158.34', 'wechatId': None, 'deviceId': None, 'deviceType': None, 'gender': 0, 'maritalStatus': None, 'provinceId': None, 'cityId': None, 'regionId': None, 'company': None, 'title': None, 'referrer': None, 'teamLeaderWillingness': None, 'yearOfLearning': None, 'groupNo': None, 'token': '3203b6a2f1874009b074a16a0b8d8814', 'tokenExpireSecond': 8640000, 'provinceName': '北京市', 'cityName': '北京市', 'regionName': '朝阳区', 'longitude': 116.446107, 'latitude': 40.062156, 'channel': None, 'switchType': 0, 'userType': 3, 'appOS': None, 'leadReaderStatus': None, 'countryCode': '+86', 'userIndustry': '', 'dictKey': None, 'userTypeDTOList': None, 'isCompanyUser': False, 'companyInfoVOList': None, 'identityCategory': 1, 'currentCompanyId': -1, 'companyName': None, 'logoUrl': None, 'deptName': None, 'avatar': 'https://audioapp.wangyangming.org.cn/kecheng2/1007618test.jpg'}, 't': 0, 'success': True}】

【2022-07-19 16:15:26 ERROR ---cases[10]---yes】

【2022-07-19 16:18:04 ERROR ---cases[10]---[{'id': 'sbq_001', '接口名称': '获取验证码', '域名': 'https://zlzgy-tetralogy-server-test.zlzgy.org.cn/v1', '接口地址': '/server/security/getPhoneCode', '请求方式': 'post', '请求头': '{"content-type": "application/json","charset": "UTF-8"}', '请求参数': '{"phone":"15834281863","countryCode":"+86","testMode":true,"type": "1"}', '检查点': 'msg:请求成功', '保存数据': '', 'section': '', '是否执行': 'yes', '请求延迟': ''}, {'id': 'sbq_002', '接口名称': '登录成功', '域名': 'https://zlzgy-tetralogy-server-test.zlzgy.org.cn/v1', '接口地址': '/server/security/login', '请求方式': 'post', '请求头': '{"content-type": "application/json","charset": "UTF-8"}', '请求参数': '{"loginTyp": "PHONE_CODE","password": "000000","userSource": "3","username": "15834281863"}', '检查点': 'msg:请求成功', '保存数据': '{"data":["token","id","phone"]}', 'section': 'user', '是否执行': 'yes', '请求延迟': 'yes'}, {'id': 'sbq_003', '接口名称': '补全信息', '域名': 'https://zlzgy-tetralogy-server-test.zlzgy.org.cn/v1', '接口地址': '/server/api/v1/user/updateUserInfo', '请求方式': 'post', '请求头': '{"content-type": "application/json","charset": "UTF-8", "Authorization": "${token}"}', '请求参数': '{"account": null,"ageClass": null,"ageClassVal": 11, "agreeToCall": 0, "avatar": null, "channel": 0, "cityId": null, "cityName": null, "code": null, "company": "其他", "createTime": null, "deviceId": null, "deviceType": 0, "education": "初中及以下", "educationVal": 1, "email": null, "familyStructure": "五代其昌", "familyStructureVal": 5, "gender": 0, "groupNo": 0, "id": "${userId}","token": "${token}","phone": "${phone}", "latitude": 0, "learnExpectation": null, "learnOwner": null, "learnOwnerVal": 0, "learnTime": "没学过", "learnTimeVal": 1, "learnTogether": null, "learnTogetherVal": 0, "longitude": 0, "maritalStatus": false, "openId": null, "password": null,  "profess": "企业经营者", "professVal": 0, "provinceId": null, "provinceName": null, "referrer": null, "regionId": null, "regionName": null,\n "registerIp": null, "switchType": 0, "title": null,  "tokenExpireSecond": 0, "unionId": null, "updateTime":null, "userEnterprise":null, "userEnterpriseVal": 0,"userFullName": "${randomName}", "userIndustry": null, "userIndustryVal": 0, "userName": null, "userSource": "1", "userType": 0, "wechatId": null}', '检查点': 'msg:请求成功', '保存数据': '', 'section': '', '是否执行': 'no', '请求延迟': ''}]】

【2022-07-19 16:18:04 INFO ---接口名称-获取验证码
--------------响应数据---{'code': 0, 'msg': '请求成功!', 'data': {}, 't': 0, 'success': True}】

【2022-07-19 16:18:04 ERROR ---cases[10]---[{'id': 'sbq_001', '接口名称': '获取验证码', '域名': 'https://zlzgy-tetralogy-server-test.zlzgy.org.cn/v1', '接口地址': '/server/security/getPhoneCode', '请求方式': 'post', '请求头': '{"content-type": "application/json","charset": "UTF-8"}', '请求参数': '{"phone":"15834281863","countryCode":"+86","testMode":true,"type": "1"}', '检查点': 'msg:请求成功', '保存数据': '', 'section': '', '是否执行': 'yes', '请求延迟': ''}, {'id': 'sbq_002', '接口名称': '登录成功', '域名': 'https://zlzgy-tetralogy-server-test.zlzgy.org.cn/v1', '接口地址': '/server/security/login', '请求方式': 'post', '请求头': '{"content-type": "application/json","charset": "UTF-8"}', '请求参数': '{"loginTyp": "PHONE_CODE","password": "000000","userSource": "3","username": "15834281863"}', '检查点': 'msg:请求成功', '保存数据': '{"data":["token","id","phone"]}', 'section': 'user', '是否执行': 'yes', '请求延迟': 'yes'}, {'id': 'sbq_003', '接口名称': '补全信息', '域名': 'https://zlzgy-tetralogy-server-test.zlzgy.org.cn/v1', '接口地址': '/server/api/v1/user/updateUserInfo', '请求方式': 'post', '请求头': '{"content-type": "application/json","charset": "UTF-8", "Authorization": "${token}"}', '请求参数': '{"account": null,"ageClass": null,"ageClassVal": 11, "agreeToCall": 0, "avatar": null, "channel": 0, "cityId": null, "cityName": null, "code": null, "company": "其他", "createTime": null, "deviceId": null, "deviceType": 0, "education": "初中及以下", "educationVal": 1, "email": null, "familyStructure": "五代其昌", "familyStructureVal": 5, "gender": 0, "groupNo": 0, "id": "${userId}","token": "${token}","phone": "${phone}", "latitude": 0, "learnExpectation": null, "learnOwner": null, "learnOwnerVal": 0, "learnTime": "没学过", "learnTimeVal": 1, "learnTogether": null, "learnTogetherVal": 0, "longitude": 0, "maritalStatus": false, "openId": null, "password": null,  "profess": "企业经营者", "professVal": 0, "provinceId": null, "provinceName": null, "referrer": null, "regionId": null, "regionName": null,\n "registerIp": null, "switchType": 0, "title": null,  "tokenExpireSecond": 0, "unionId": null, "updateTime":null, "userEnterprise":null, "userEnterpriseVal": 0,"userFullName": "${randomName}", "userIndustry": null, "userIndustryVal": 0, "userName": null, "userSource": "1", "userType": 0, "wechatId": null}', '检查点': 'msg:请求成功', '保存数据': '', 'section': '', '是否执行': 'no', '请求延迟': ''}]】

【2022-07-19 16:18:05 INFO ---接口名称-登录成功
--------------响应数据---{'code': 0, 'msg': '请求成功!', 'data': {'id': 1007618, 'createTime': '2022-02-24 11:30:07', 'updateTime': '2022-04-08 14:38:48', 'phone': '15834281863', 'code': None, 'email': None, 'unionId': '', 'openId': '', 'userName': None, 'password': None, 'userFullName': '秦俊伟', 'familyStructure': '单身贵族', 'ageClass': '20岁以下', 'userSource': '3', 'registerIp': '124.65.158.34', 'wechatId': None, 'deviceId': None, 'deviceType': None, 'gender': 0, 'maritalStatus': None, 'provinceId': None, 'cityId': None, 'regionId': None, 'company': None, 'title': None, 'referrer': None, 'teamLeaderWillingness': None, 'yearOfLearning': None, 'groupNo': None, 'token': '31941ff07f474acb923c41013b68192a', 'tokenExpireSecond': 8640000, 'provinceName': '北京市', 'cityName': '北京市', 'regionName': '朝阳区', 'longitude': 116.446107, 'latitude': 40.062156, 'channel': None, 'switchType': 0, 'userType': 3, 'appOS': None, 'leadReaderStatus': None, 'countryCode': '+86', 'userIndustry': '', 'dictKey': None, 'userTypeDTOList': None, 'isCompanyUser': False, 'companyInfoVOList': None, 'identityCategory': 1, 'currentCompanyId': -1, 'companyName': None, 'logoUrl': None, 'deptName': None, 'avatar': 'https://audioapp.wangyangming.org.cn/kecheng2/1007618test.jpg'}, 't': 0, 'success': True}】

【2022-07-19 16:18:05 ERROR ---cases[10]---[{'id': 'sbq_001', '接口名称': '获取验证码', '域名': 'https://zlzgy-tetralogy-server-test.zlzgy.org.cn/v1', '接口地址': '/server/security/getPhoneCode', '请求方式': 'post', '请求头': '{"content-type": "application/json","charset": "UTF-8"}', '请求参数': '{"phone":"15834281863","countryCode":"+86","testMode":true,"type": "1"}', '检查点': 'msg:请求成功', '保存数据': '', 'section': '', '是否执行': 'yes', '请求延迟': ''}, {'id': 'sbq_002', '接口名称': '登录成功', '域名': 'https://zlzgy-tetralogy-server-test.zlzgy.org.cn/v1', '接口地址': '/server/security/login', '请求方式': 'post', '请求头': '{"content-type": "application/json","charset": "UTF-8"}', '请求参数': '{"loginTyp": "PHONE_CODE","password": "000000","userSource": "3","username": "15834281863"}', '检查点': 'msg:请求成功', '保存数据': '{"data":["token","id","phone"]}', 'section': 'user', '是否执行': 'yes', '请求延迟': 'yes'}, {'id': 'sbq_003', '接口名称': '补全信息', '域名': 'https://zlzgy-tetralogy-server-test.zlzgy.org.cn/v1', '接口地址': '/server/api/v1/user/updateUserInfo', '请求方式': 'post', '请求头': '{"content-type": "application/json","charset": "UTF-8", "Authorization": "${token}"}', '请求参数': '{"account": null,"ageClass": null,"ageClassVal": 11, "agreeToCall": 0, "avatar": null, "channel": 0, "cityId": null, "cityName": null, "code": null, "company": "其他", "createTime": null, "deviceId": null, "deviceType": 0, "education": "初中及以下", "educationVal": 1, "email": null, "familyStructure": "五代其昌", "familyStructureVal": 5, "gender": 0, "groupNo": 0, "id": "${userId}","token": "${token}","phone": "${phone}", "latitude": 0, "learnExpectation": null, "learnOwner": null, "learnOwnerVal": 0, "learnTime": "没学过", "learnTimeVal": 1, "learnTogether": null, "learnTogetherVal": 0, "longitude": 0, "maritalStatus": false, "openId": null, "password": null,  "profess": "企业经营者", "professVal": 0, "provinceId": null, "provinceName": null, "referrer": null, "regionId": null, "regionName": null,\n "registerIp": null, "switchType": 0, "title": null,  "tokenExpireSecond": 0, "unionId": null, "updateTime":null, "userEnterprise":null, "userEnterpriseVal": 0,"userFullName": "${randomName}", "userIndustry": null, "userIndustryVal": 0, "userName": null, "userSource": "1", "userType": 0, "wechatId": null}', '检查点': 'msg:请求成功', '保存数据': '', 'section': '', '是否执行': 'no', '请求延迟': ''}]】

【2022-07-19 16:30:28 INFO ---接口名称-获取验证码
--------------响应数据---{'code': 0, 'msg': '请求成功!', 'data': {}, 't': 0, 'success': True}】

【2022-07-19 16:30:30 INFO ---接口名称-登录成功
--------------响应数据---{'code': 0, 'msg': '请求成功!', 'data': {'id': 1007618, 'createTime': '2022-02-24 11:30:07', 'updateTime': '2022-04-08 14:38:48', 'phone': '15834281863', 'code': None, 'email': None, 'unionId': '', 'openId': '', 'userName': None, 'password': None, 'userFullName': '秦俊伟', 'familyStructure': '单身贵族', 'ageClass': '20岁以下', 'userSource': '3', 'registerIp': '124.65.158.34', 'wechatId': None, 'deviceId': None, 'deviceType': None, 'gender': 0, 'maritalStatus': None, 'provinceId': None, 'cityId': None, 'regionId': None, 'company': None, 'title': None, 'referrer': None, 'teamLeaderWillingness': None, 'yearOfLearning': None, 'groupNo': None, 'token': '2ea5639596b2452cb27dddd707a4b84c', 'tokenExpireSecond': 8640000, 'provinceName': '北京市', 'cityName': '北京市', 'regionName': '朝阳区', 'longitude': 116.446107, 'latitude': 40.062156, 'channel': None, 'switchType': 0, 'userType': 3, 'appOS': None, 'leadReaderStatus': None, 'countryCode': '+86', 'userIndustry': '', 'dictKey': None, 'userTypeDTOList': None, 'isCompanyUser': False, 'companyInfoVOList': None, 'identityCategory': 1, 'currentCompanyId': -1, 'companyName': None, 'logoUrl': None, 'deptName': None, 'avatar': 'https://audioapp.wangyangming.org.cn/kecheng2/1007618test.jpg'}, 't': 0, 'success': True}】

【2022-07-19 16:30:30 INFO ---接口名称-补全信息
--------------响应数据---{'code': 0, 'msg': '请求成功!', 'data': {'id': 1007618, 'createTime': '2022-04-08T06:25:13.000+0000', 'updateTime': '2022-07-19 16:30:29', 'phone': '15834281863', 'account': None, 'unionId': '', 'openId': '', 'code': None, 'email': None, 'userName': None, 'password': None, 'userFullName': '冯豪贵', 'familyStructure': '五代其昌', 'ageClass': '20岁以下', 'userSource': '3', 'registerIp': '124.65.158.34', 'wechatId': None, 'deviceId': None, 'deviceType': None, 'gender': 0, 'maritalStatus': None, 'provinceId': None, 'cityId': None, 'regionId': None, 'company': None, 'title': None, 'referrer': None, 'groupNo': None, 'token': '2ea5639596b2452cb27dddd707a4b84c', 'tokenExpireSecond': None, 'provinceName': '北京市', 'cityName': '北京市', 'regionName': '朝阳区', 'longitude': 116.446107, 'latitude': 40.062156, 'channel': None, 'switchType': 0, 'avatar': 'https://audioapp.wangyangming.org.cn/kecheng2/1007618test.jpg', 'profess': '企业经营者', 'professVal': 0, 'education': '初中及以下', 'educationVal': 1, 'learnTime': '没学过', 'learnTimeVal': 1, 'learnExpectation': '未填写', 'learnOwner': '我愿意申请担任', 'learnOwnerVal': 0, 'learnTogether': '和所在/附近地区的同学一起学习', 'learnTogetherVal': 0, 'agreeToCall': False, 'familyStructureVal': 5, 'ageClassVal': 11, 'userIndustry': None, 'userIndustryVal': 0, 'userEnterprise': None, 'userEnterpriseVal': 0, 'userType': 0, 'leadReaderStatus': '0', 'countryCode': '+86', 'userTypeDTOList': [], 'connectBox': None, 'isCompanyUser': False, 'companyInfoVOList': None, 'identityCategory': 1, 'currentCompanyId': -1, 'companyName': None, 'logoUrl': None, 'deptName': None}, 't': 0, 'success': True}】
